#
# A fatal error has been detected by the Java Runtime Environment:
#
#  SIGSEGV (0xb) at pc=0x00007f4d8e096009, pid=9772, tid=9774
#
# JRE version: OpenJDK Runtime Environment (9.0) (build 9-internal+0-2016-04-14-195246.buildd.src)
# Java VM: OpenJDK 64-Bit Server VM (9-internal+0-2016-04-14-195246.buildd.src, mixed mode, tiered, compressed oops, g1 gc, linux-amd64)
# Problematic frame:
# C  [libjava.so+0x1d009]  JNU_GetEnv+0x19
#
# Core dump will be written. Default location: Core dumps may be processed with "/usr/share/apport/apport %p %s %c %d %P" (or dumping to /home/marcelo/vfsd-utopia/src/core.9772)
#
# If you would like to submit a bug report, please visit:
#   http://bugreport.java.com/bugreport/crash.jsp
# The crash happened outside the Java Virtual Machine in native code.
# See problematic frame for where to report the bug.
#

---------------  S U M M A R Y ------------

Command Line: -Xms16m -Xmx384m -Djava.library.path=/usr/lib/astah_uml/lib/rlm /usr/lib/astah_uml/astah-uml.jar   

Host: Intel(R) Core(TM) i7-7500U CPU @ 2.70GHz, 4 cores, 15G, Ubuntu 16.04.4 LTS
Time: Sat May  4 15:01:22 2019 -03 elapsed time: 6 seconds (0d 0h 0m 6s)

---------------  T H R E A D  ---------------

Current thread (0x00007f4d80011000):  JavaThread "main" [_thread_in_native, id=9774, stack(0x00007f4d9392b000,0x00007f4d93a2c000)]

Stack: [0x00007f4d9392b000,0x00007f4d93a2c000],  sp=0x00007f4d93a28e70,  free space=1015k
Native frames: (J=compiled Java code, j=interpreted, Vv=VM code, C=native code)
C  [libjava.so+0x1d009]  JNU_GetEnv+0x19
C  [libfontmanager.so+0x33f8e]
C  [libfreetype.so.6+0x14d2b]  FT_Stream_Seek+0x1b

Java frames: (J=compiled Java code, j=interpreted, Vv=VM code)
j  sun.font.FreetypeFontScaler.initNativeScaler(Lsun/font/Font2D;IIZI)J+0 java.desktop@9-internal
j  sun.font.FreetypeFontScaler.<init>(Lsun/font/Font2D;IZI)V+26 java.desktop@9-internal
v  ~StubRoutines::call_stub
j  sun.reflect.NativeConstructorAccessorImpl.newInstance0(Ljava/lang/reflect/Constructor;[Ljava/lang/Object;)Ljava/lang/Object;+0 java.base@9-internal
j  sun.reflect.NativeConstructorAccessorImpl.newInstance([Ljava/lang/Object;)Ljava/lang/Object;+85 java.base@9-internal
J 950 C1  java.base@9-internal9-internal (9 bytes) @ 0x00007f4d6a39c09c [0x00007f4d6a39bfa0+0x00000000000000fc]
J 949 C1  java.base@9-internal9-internal (73 bytes) @ 0x00007f4d6a39ba64 [0x00007f4d6a39b700+0x0000000000000364]
j  sun.font.FontScaler.getScaler(Lsun/font/Font2D;IZI)Lsun/font/FontScaler;+39 java.desktop@9-internal
j  sun.font.TrueTypeFont.getScaler()Lsun/font/FontScaler;+21 java.desktop@9-internal
j  sun.font.FileFontStrike.<init>(Lsun/font/FileFont;Lsun/font/FontStrikeDesc;)V+204 java.desktop@9-internal
j  sun.font.FileFont.createStrike(Lsun/font/FontStrikeDesc;)Lsun/font/FontStrike;+18 java.desktop@9-internal
j  sun.font.Font2D.getStrike(Lsun/font/FontStrikeDesc;Z)Lsun/font/FontStrike;+92 java.desktop@9-internal
j  sun.font.Font2D.getStrike(Lsun/font/FontStrikeDesc;)Lsun/font/FontStrike;+3 java.desktop@9-internal
j  sun.font.CompositeStrike.getStrikeForSlot(I)Lsun/font/PhysicalStrike;+23 java.desktop@9-internal
j  sun.font.CompositeStrike.getFontMetrics()Lsun/font/StrikeMetrics;+31 java.desktop@9-internal
j  sun.font.FontDesignMetrics.initMatrixAndMetrics()V+28 java.desktop@9-internal
j  sun.font.FontDesignMetrics.<init>(Ljava/awt/Font;Ljava/awt/font/FontRenderContext;)V+62 java.desktop@9-internal
j  sun.font.FontDesignMetrics.getMetrics(Ljava/awt/Font;Ljava/awt/font/FontRenderContext;)Lsun/font/FontDesignMetrics;+128 java.desktop@9-internal
j  sun.swing.SwingUtilities2.getFontMetrics(Ljavax/swing/JComponent;Ljava/awt/Font;)Ljava/awt/FontMetrics;+15 java.desktop@9-internal
j  javax.swing.JComponent.getFontMetrics(Ljava/awt/Font;)Ljava/awt/FontMetrics;+2 java.desktop@9-internal
j  javax.swing.plaf.synth.SynthGraphicsUtils.getPreferredSize(Ljavax/swing/plaf/synth/SynthContext;Ljava/awt/Font;Ljava/lang/String;Ljavax/swing/Icon;IIIIII)Ljava/awt/Dimension;+110 java.desktop@9-internal
j  javax.swing.plaf.synth.SynthGraphicsUtils.getMinimumSize(Ljavax/swing/plaf/synth/SynthContext;Ljava/awt/Font;Ljava/lang/String;Ljavax/swing/Icon;IIIIII)Ljava/awt/Dimension;+24 java.desktop@9-internal
j  javax.swing.plaf.synth.SynthButtonUI.getMinimumSize(Ljavax/swing/JComponent;)Ljava/awt/Dimension;+77 java.desktop@9-internal
j  javax.swing.JComponent.getMinimumSize()Ljava/awt/Dimension;+26 java.desktop@9-internal
j  javax.swing.plaf.basic.BasicOptionPaneUI.addButtonComponents(Ljava/awt/Container;[Ljava/lang/Object;I)V+242 java.desktop@9-internal
j  javax.swing.plaf.basic.BasicOptionPaneUI.createButtonArea()Ljava/awt/Container;+103 java.desktop@9-internal
j  javax.swing.plaf.synth.SynthOptionPaneUI.installComponents()V+72 java.desktop@9-internal
j  javax.swing.plaf.basic.BasicOptionPaneUI.installUI(Ljavax/swing/JComponent;)V+24 java.desktop@9-internal
j  javax.swing.JComponent.setUI(Ljavax/swing/plaf/ComponentUI;)V+52 java.desktop@9-internal
j  javax.swing.JOptionPane.setUI(Ljavax/swing/plaf/OptionPaneUI;)V+10 java.desktop@9-internal
j  javax.swing.JOptionPane.updateUI()V+8 java.desktop@9-internal
j  javax.swing.JOptionPane.<init>(Ljava/lang/Object;IILjavax/swing/Icon;[Ljava/lang/Object;Ljava/lang/Object;)V+52 java.desktop@9-internal
j  javax.swing.JOptionPane.showOptionDialog(Ljava/awt/Component;Ljava/lang/Object;Ljava/lang/String;IILjavax/swing/Icon;[Ljava/lang/Object;Ljava/lang/Object;)I+14 java.desktop@9-internal
j  javax.swing.JOptionPane.showMessageDialog(Ljava/awt/Component;Ljava/lang/Object;Ljava/lang/String;ILjavax/swing/Icon;)V+9 java.desktop@9-internal
j  javax.swing.JOptionPane.showMessageDialog(Ljava/awt/Component;Ljava/lang/Object;Ljava/lang/String;I)V+5 java.desktop@9-internal
j  JP.co.esm.caddies.jomt.Jude.d()Z+29
j  JP.co.esm.caddies.jomt.Jude.start([Ljava/lang/String;)Z+108
j  JP.co.esm.caddies.jomt.Jude.main([Ljava/lang/String;)V+288
v  ~StubRoutines::call_stub

siginfo: si_signo: 11 (SIGSEGV), si_code: 1 (SEGV_MAPERR), si_addr: 0x0000000000000000

Register to memory mapping:

RAX=0x0000000000000000 is an unknown value
RBX=0x0000000000000000 is an unknown value
RCX=0x0000000000000000 is an unknown value
RDX=0x0000000000010002 is an unknown value
RSP=0x00007f4d93a28e70 is pointing into the stack for thread: 0x00007f4d80011000
RBP=0x00007f4d93a28e80 is pointing into the stack for thread: 0x00007f4d80011000
RSI=0x0000000000010002 is an unknown value
RDI=0x0000000000000000 is an unknown value
R8 =0x0000000000000000 is an unknown value
R9 =0x0000000000000000 is an unknown value
R10=0x00000000000001db is an unknown value
R11=0x00007f4d8e095ff0: JNU_GetEnv+0x0000000000000000 in /usr/lib/jvm/java-9-openjdk-amd64/lib/amd64/libjava.so at 0x00007f4d8e079000
R12=0x00007f4d806b64a0 is an unknown value
R13=0x0000000000000000 is an unknown value
R14=0x0000000000000000 is an unknown value
R15=0x00007f4d806c3660 is an unknown value


Registers:
RAX=0x0000000000000000, RBX=0x0000000000000000, RCX=0x0000000000000000, RDX=0x0000000000010002
RSP=0x00007f4d93a28e70, RBP=0x00007f4d93a28e80, RSI=0x0000000000010002, RDI=0x0000000000000000
R8 =0x0000000000000000, R9 =0x0000000000000000, R10=0x00000000000001db, R11=0x00007f4d8e095ff0
R12=0x00007f4d806b64a0, R13=0x0000000000000000, R14=0x0000000000000000, R15=0x00007f4d806c3660
RIP=0x00007f4d8e096009, EFLAGS=0x0000000000010246, CSGSFS=0x002b000000000033, ERR=0x0000000000000004
  TRAPNO=0x000000000000000e

Top of Stack: (sp=0x00007f4d93a28e70)
0x00007f4d93a28e70:   0000000000000000 bbdda2ac265c6c00
0x00007f4d93a28e80:   00007f4d93a28ec0 00007f4d14d68f8e
0x00007f4d93a28e90:   00007f4d806a5670 00007f4d806b64a0
0x00007f4d93a28ea0:   0000000000000000 0000000000000000
0x00007f4d93a28eb0:   00007f4d806b64a0 00007f4d806c3660
0x00007f4d93a28ec0:   0000000000000000 00007f4d14a9fd2b
0x00007f4d93a28ed0:   0000000000000000 00007f4d14d31d80
0x00007f4d93a28ee0:   0000000000000000 00007f4d14ab38e0
0x00007f4d93a28ef0:   0000000000000002 0000003200000008
0x00007f4d93a28f00:   0000000000000000 0000000000000000
0x00007f4d93a28f10:   0000006e0000005b 0000000000000000
0x00007f4d93a28f20:   0000000000000000 0000007c00000077
0x00007f4d93a28f30:   0000000000000001 0000003100000006
0x00007f4d93a28f40:   0000000000000000 0000000000000000
0x00007f4d93a28f50:   0000006e0000005b 00007f4d80000020
0x00007f4d93a28f60:   0000000000000070 00007f4d93a29014
0x00007f4d93a28f70:   00007f4d806a5670 00007f4d806c3660
0x00007f4d93a28f80:   00007f4d93a29014 00007f4d9338b184
0x00007f4d93a28f90:   00007f4d92302f00 00007f4d93a28fc4
0x00007f4d93a28fa0:   00007f4d14d2e9e0 bbdda2ac265c6c00
0x00007f4d93a28fb0:   0000000000000070 00007f4d806a54b0
0x00007f4d93a28fc0:   00007f4d14d2e9e0 00007f4d93a290d8
0x00007f4d93a28fd0:   00007f4d806a5670 00007f4d806c3660
0x00007f4d93a28fe0:   00007f4d806a6640 00007f4d14aa24c2
0x00007f4d93a28ff0:   0000000100000000 00007f4d93a290e0
0x00007f4d93a29000:   0000000000000000 0000000000000000
0x00007f4d93a29010:   0000000093a290d8 bbdda2ac265c6c00
0x00007f4d93a29020:   00007f4d806a54b0 00007f4d93a290e0
0x00007f4d93a29030:   0000000000000000 00007f4d806a5598
0x00007f4d93a29040:   00007f4d93a292e0 00007f4d806a54f8
0x00007f4d93a29050:   00007f4d806a5670 00007f4d14aa4581
0x00007f4d93a29060:   00007f4d93a290e0 00007f4d14aa4376 

Instructions: (pc=0x00007f4d8e096009)
0x00007f4d8e095fe9:   ff eb ea 0f 1f 40 00 55 89 f2 48 89 e5 48 83 ec
0x00007f4d8e095ff9:   10 64 48 8b 04 25 28 00 00 00 48 89 45 f8 31 c0
0x00007f4d8e096009:   48 8b 07 48 8d 75 f0 ff 50 30 48 8b 4d f8 64 48
0x00007f4d8e096019:   33 0c 25 28 00 00 00 48 8b 45 f0 75 02 c9 c3 e8 


---------------  P R O C E S S  ---------------

Java Threads: ( => current thread )
  0x00007f4d00001000 JavaThread "SeedGenerator Thread" daemon [_thread_blocked, id=9833, stack(0x00007f4d410cb000,0x00007f4d411cc000)]
  0x00007f4d00002800 JavaThread "SeedGenerator Thread" daemon [_thread_blocked, id=9829, stack(0x00007f4ce88ab000,0x00007f4ce89ac000)]
  0x00007f4d80677000 JavaThread "AWT-EventQueue-0" [_thread_blocked, id=9825, stack(0x00007f4d1498a000,0x00007f4d14a8b000)]
  0x00007f4d80675800 JavaThread "AWT-Shutdown" [_thread_blocked, id=9824, stack(0x00007f4d40086000,0x00007f4d40187000)]
  0x00007f4d80674000 JavaThread "AWT-XAWT" daemon [_thread_blocked, id=9823, stack(0x00007f4d40fca000,0x00007f4d410cb000)]
  0x00007f4d80662800 JavaThread "Java2D Disposer" daemon [_thread_blocked, id=9822, stack(0x00007f4d40187000,0x00007f4d40288000)]
  0x00007f4d804e5800 JavaThread "SeedGenerator Thread" daemon [_thread_in_Java, id=9798, stack(0x00007f4d411cc000,0x00007f4d412cd000)]
  0x00007f4d80299800 JavaThread "Service Thread" daemon [_thread_blocked, id=9796, stack(0x00007f4d413ce000,0x00007f4d414cf000)]
  0x00007f4d801b7000 JavaThread "Common-Cleaner" daemon [_thread_blocked, id=9795, stack(0x00007f4d414cf000,0x00007f4d415d0000)]
  0x00007f4d80177800 JavaThread "Sweeper thread" daemon [_thread_blocked, id=9794, stack(0x00007f4d419fa000,0x00007f4d41afb000)]
  0x00007f4d80175800 JavaThread "C1 CompilerThread2" daemon [_thread_blocked, id=9793, stack(0x00007f4d41afb000,0x00007f4d41bfc000)]
  0x00007f4d80173800 JavaThread "C2 CompilerThread1" daemon [_thread_blocked, id=9792, stack(0x00007f4d41bfc000,0x00007f4d41cfd000)]
  0x00007f4d80172000 JavaThread "C2 CompilerThread0" daemon [_thread_blocked, id=9791, stack(0x00007f4d41cfd000,0x00007f4d41dfe000)]
  0x00007f4d8016d800 JavaThread "Signal Dispatcher" daemon [_thread_blocked, id=9790, stack(0x00007f4d41dfe000,0x00007f4d41eff000)]
  0x00007f4d8016b800 JavaThread "Surrogate Locker Thread (Concurrent GC)" daemon [_thread_blocked, id=9789, stack(0x00007f4d41eff000,0x00007f4d42000000)]
  0x00007f4d8015b000 JavaThread "Finalizer" daemon [_thread_blocked, id=9788, stack(0x00007f4d68079000,0x00007f4d6817a000)]
  0x00007f4d80157000 JavaThread "Reference Handler" daemon [_thread_blocked, id=9787, stack(0x00007f4d6817a000,0x00007f4d6827b000)]
=>0x00007f4d80011000 JavaThread "main" [_thread_in_native, id=9774, stack(0x00007f4d9392b000,0x00007f4d93a2c000)]

Other Threads:
  0x00007f4d8014d000 VMThread [stack: 0x00007f4d6827b000,0x00007f4d6837c000] [id=9786]
  0x00007f4d8029c800 WatcherThread [stack: 0x00007f4d412cd000,0x00007f4d413ce000] [id=9797]

Threads with active compile tasks:

VM state:synchronizing (normal execution)

VM Mutex/Monitor currently owned by a thread:  ([mutex/lock_event])
[0x00007f4d8000d360] Safepoint_lock - owner thread: 0x00007f4d8014d000
[0x00007f4d8000d3e0] Threads_lock - owner thread: 0x00007f4d8014d000

heap address: 0x00000000e8000000, size: 384 MB, Compressed Oops mode: 32-bit
Narrow klass base: 0x0000000000000000, Narrow klass shift: 3
Compressed class space size: 1073741824 Address: 0x0000000100000000

Heap:
 garbage-first heap   total 54272K, used 18434K [0x00000000e8000000, 0x00000000e81001a8, 0x0000000100000000)
  region size 1024K, 3 young (3072K), 1 survivors (1024K)
 Metaspace       used 17399K, capacity 18020K, committed 18176K, reserved 1064960K
  class space    used 2039K, capacity 2209K, committed 2304K, reserved 1048576K

Heap Regions: E=young(eden), S=young(survivor), O=old, HS=humongous(starts), HC=humongous(continues), CS=collection set, F=free, A=archive, TS=gc time stamp, AC=allocation context, TAMS=top-at-mark-start (previous, next)
|   0|0x00000000e8000000, 0x00000000e8100000, 0x00000000e8100000|100%|HS|  |TS  0|AC  0|TAMS 0x00000000e8100000, 0x00000000e8100000|
|   1|0x00000000e8100000, 0x00000000e8200000, 0x00000000e8200000|100%|HS|  |TS  0|AC  0|TAMS 0x00000000e8200000, 0x00000000e8200000|
|   2|0x00000000e8200000, 0x00000000e8300000, 0x00000000e8300000|100%| O|  |TS  0|AC  0|TAMS 0x00000000e8300000, 0x00000000e8300000|
|   3|0x00000000e8300000, 0x00000000e8400000, 0x00000000e8400000|100%| O|  |TS  0|AC  0|TAMS 0x00000000e8400000, 0x00000000e8400000|
|   4|0x00000000e8400000, 0x00000000e8500000, 0x00000000e8500000|100%|HS|  |TS  0|AC  0|TAMS 0x00000000e8500000, 0x00000000e8500000|
|   5|0x00000000e8500000, 0x00000000e8600000, 0x00000000e8600000|100%|HC|  |TS  0|AC  0|TAMS 0x00000000e8600000, 0x00000000e8600000|
|   6|0x00000000e8600000, 0x00000000e8700000, 0x00000000e8700000|100%|HC|  |TS  0|AC  0|TAMS 0x00000000e8700000, 0x00000000e8700000|
|   7|0x00000000e8700000, 0x00000000e8800000, 0x00000000e8800000|100%| O|  |TS  0|AC  0|TAMS 0x00000000e8800000, 0x00000000e8800000|
|   8|0x00000000e8800000, 0x00000000e8900000, 0x00000000e8900000|100%| O|  |TS  0|AC  0|TAMS 0x00000000e8900000, 0x00000000e8900000|
|   9|0x00000000e8900000, 0x00000000e8a00000, 0x00000000e8a00000|100%| O|  |TS  0|AC  0|TAMS 0x00000000e8a00000, 0x00000000e8a00000|
|  10|0x00000000e8a00000, 0x00000000e8b00000, 0x00000000e8b00000|100%| O|  |TS  0|AC  0|TAMS 0x00000000e8b00000, 0x00000000e8b00000|
|  11|0x00000000e8b00000, 0x00000000e8c00000, 0x00000000e8c00000|100%| O|  |TS  0|AC  0|TAMS 0x00000000e8c00000, 0x00000000e8c00000|
|  12|0x00000000e8c00000, 0x00000000e8d00000, 0x00000000e8d00000|100%| O|  |TS  0|AC  0|TAMS 0x00000000e8d00000, 0x00000000e8d00000|
|  13|0x00000000e8d00000, 0x00000000e8e00000, 0x00000000e8e00000|100%| O|  |TS  0|AC  0|TAMS 0x00000000e8e00000, 0x00000000e8e00000|
|  14|0x00000000e8e00000, 0x00000000e8f00000, 0x00000000e8f00000|100%| O|  |TS  0|AC  0|TAMS 0x00000000e8f00000, 0x00000000e8f00000|
|  15|0x00000000e8f00000, 0x00000000e9000000, 0x00000000e9000000|100%| O|  |TS  1|AC  0|TAMS 0x00000000e8f86a00, 0x00000000e8f86a00|
|  16|0x00000000e9000000, 0x00000000e903d600, 0x00000000e9100000| 23%| O|  |TS  1|AC  0|TAMS 0x00000000e9000000, 0x00000000e9000000|
|  17|0x00000000e9100000, 0x00000000e9100000, 0x00000000e9200000|  0%| F|  |TS  0|AC  0|TAMS 0x00000000e9100000, 0x00000000e9100000|
|  18|0x00000000e9200000, 0x00000000e9200000, 0x00000000e9300000|  0%| F|  |TS  0|AC  0|TAMS 0x00000000e9200000, 0x00000000e9200000|
|  19|0x00000000e9300000, 0x00000000e9300000, 0x00000000e9400000|  0%| F|  |TS  0|AC  0|TAMS 0x00000000e9300000, 0x00000000e9300000|
|  20|0x00000000e9400000, 0x00000000e9400000, 0x00000000e9500000|  0%| F|  |TS  0|AC  0|TAMS 0x00000000e9400000, 0x00000000e9400000|
|  21|0x00000000e9500000, 0x00000000e9500000, 0x00000000e9600000|  0%| F|  |TS  0|AC  0|TAMS 0x00000000e9500000, 0x00000000e9500000|
|  22|0x00000000e9600000, 0x00000000e9600000, 0x00000000e9700000|  0%| F|  |TS  0|AC  0|TAMS 0x00000000e9600000, 0x00000000e9600000|
|  23|0x00000000e9700000, 0x00000000e9700000, 0x00000000e9800000|  0%| F|  |TS  0|AC  0|TAMS 0x00000000e9700000, 0x00000000e9700000|
|  24|0x00000000e9800000, 0x00000000e98c3228, 0x00000000e9900000| 76%| S|CS|TS  1|AC  0|TAMS 0x00000000e9800000, 0x00000000e9800000|
|  25|0x00000000e9900000, 0x00000000e9900000, 0x00000000e9a00000|  0%| F|  |TS  0|AC  0|TAMS 0x00000000e9900000, 0x00000000e9900000|
|  26|0x00000000e9a00000, 0x00000000e9a00000, 0x00000000e9b00000|  0%| F|  |TS  0|AC  0|TAMS 0x00000000e9a00000, 0x00000000e9a00000|
|  27|0x00000000e9b00000, 0x00000000e9b00000, 0x00000000e9c00000|  0%| F|  |TS  0|AC  0|TAMS 0x00000000e9b00000, 0x00000000e9b00000|
|  28|0x00000000e9c00000, 0x00000000e9c00000, 0x00000000e9d00000|  0%| F|  |TS  0|AC  0|TAMS 0x00000000e9c00000, 0x00000000e9c00000|
|  29|0x00000000e9d00000, 0x00000000e9d00000, 0x00000000e9e00000|  0%| F|  |TS  1|AC  0|TAMS 0x00000000e9d00000, 0x00000000e9d00000|
|  30|0x00000000e9e00000, 0x00000000e9e00000, 0x00000000e9f00000|  0%| F|  |TS  1|AC  0|TAMS 0x00000000e9e00000, 0x00000000e9e00000|
|  31|0x00000000e9f00000, 0x00000000e9f00000, 0x00000000ea000000|  0%| F|  |TS  1|AC  0|TAMS 0x00000000e9f00000, 0x00000000e9f00000|
|  32|0x00000000ea000000, 0x00000000ea000000, 0x00000000ea100000|  0%| F|  |TS  1|AC  0|TAMS 0x00000000ea000000, 0x00000000ea000000|
|  33|0x00000000ea100000, 0x00000000ea100000, 0x00000000ea200000|  0%| F|  |TS  1|AC  0|TAMS 0x00000000ea100000, 0x00000000ea100000|
|  34|0x00000000ea200000, 0x00000000ea200000, 0x00000000ea300000|  0%| F|  |TS  1|AC  0|TAMS 0x00000000ea200000, 0x00000000ea200000|
|  35|0x00000000ea300000, 0x00000000ea300000, 0x00000000ea400000|  0%| F|  |TS  1|AC  0|TAMS 0x00000000ea300000, 0x00000000ea300000|
|  36|0x00000000ea400000, 0x00000000ea400000, 0x00000000ea500000|  0%| F|  |TS  1|AC  0|TAMS 0x00000000ea400000, 0x00000000ea400000|
|  37|0x00000000ea500000, 0x00000000ea500000, 0x00000000ea600000|  0%| F|  |TS  1|AC  0|TAMS 0x00000000ea500000, 0x00000000ea500000|
|  38|0x00000000ea600000, 0x00000000ea600000, 0x00000000ea700000|  0%| F|  |TS  1|AC  0|TAMS 0x00000000ea600000, 0x00000000ea600000|
|  39|0x00000000ea700000, 0x00000000ea700000, 0x00000000ea800000|  0%| F|  |TS  1|AC  0|TAMS 0x00000000ea700000, 0x00000000ea700000|
|  40|0x00000000ea800000, 0x00000000ea800000, 0x00000000ea900000|  0%| F|  |TS  1|AC  0|TAMS 0x00000000ea800000, 0x00000000ea800000|
|  41|0x00000000ea900000, 0x00000000ea900000, 0x00000000eaa00000|  0%| F|  |TS  1|AC  0|TAMS 0x00000000ea900000, 0x00000000ea900000|
|  42|0x00000000eaa00000, 0x00000000eaa00000, 0x00000000eab00000|  0%| F|  |TS  1|AC  0|TAMS 0x00000000eaa00000, 0x00000000eaa00000|
|  43|0x00000000eab00000, 0x00000000eab00000, 0x00000000eac00000|  0%| F|  |TS  1|AC  0|TAMS 0x00000000eab00000, 0x00000000eab00000|
|  44|0x00000000eac00000, 0x00000000eac00000, 0x00000000ead00000|  0%| F|  |TS  1|AC  0|TAMS 0x00000000eac00000, 0x00000000eac00000|
|  45|0x00000000ead00000, 0x00000000ead00000, 0x00000000eae00000|  0%| F|  |TS  1|AC  0|TAMS 0x00000000ead00000, 0x00000000ead00000|
|  46|0x00000000eae00000, 0x00000000eae00000, 0x00000000eaf00000|  0%| F|  |TS  1|AC  0|TAMS 0x00000000eae00000, 0x00000000eae00000|
|  47|0x00000000eaf00000, 0x00000000eaf00000, 0x00000000eb000000|  0%| F|  |TS  1|AC  0|TAMS 0x00000000eaf00000, 0x00000000eaf00000|
|  48|0x00000000eb000000, 0x00000000eb000000, 0x00000000eb100000|  0%| F|  |TS  1|AC  0|TAMS 0x00000000eb000000, 0x00000000eb000000|
|  49|0x00000000eb100000, 0x00000000eb100000, 0x00000000eb200000|  0%| F|  |TS  1|AC  0|TAMS 0x00000000eb100000, 0x00000000eb100000|
|  50|0x00000000eb200000, 0x00000000eb200000, 0x00000000eb300000|  0%| F|  |TS  1|AC  0|TAMS 0x00000000eb200000, 0x00000000eb200000|
|  51|0x00000000eb300000, 0x00000000eb339488, 0x00000000eb400000| 22%| E|  |TS  1|AC  0|TAMS 0x00000000eb300000, 0x00000000eb300000|
|  52|0x00000000eb400000, 0x00000000eb500000, 0x00000000eb500000|100%| E|CS|TS  1|AC  0|TAMS 0x00000000eb400000, 0x00000000eb400000|

Card table byte_map: [0x00007f4d8c308000,0x00007f4d8c3c8000] byte_map_base: 0x00007f4d8bbc8000

Marking Bits (Prev, Next): (CMBitMap*) 0x00007f4d800401d0, (CMBitMap*) 0x00007f4d80040228
 Prev Bits: [0x00007f4d69651000, 0x00007f4d69c51000)
 Next Bits: [0x00007f4d69051000, 0x00007f4d69651000)

Polling page: 0x00007f4d93afc000

CodeHeap 'non-nmethods': size=5696Kb used=1267Kb max_used=1276Kb free=4429Kb
 bounds [0x00007f4d69c51000, 0x00007f4d69ec1000, 0x00007f4d6a1e1000]
CodeHeap 'profiled nmethods': size=120032Kb used=3136Kb max_used=3136Kb free=116895Kb
 bounds [0x00007f4d6a1e1000, 0x00007f4d6a501000, 0x00007f4d71719000]
CodeHeap 'non-profiled nmethods': size=120032Kb used=661Kb max_used=661Kb free=119370Kb
 bounds [0x00007f4d71719000, 0x00007f4d71989000, 0x00007f4d78c51000]
 total_blobs=2486 nmethods=1555 adapters=445
 compilation: enabled

Compilation events (10 events):
Event: 6,169 Thread 0x00007f4d80175800 1551       3       sun.reflect.UTF8::utf8Length (81 bytes)
Event: 6,170 Thread 0x00007f4d80175800 nmethod 1551 0x00007f4d6a4ee110 code [0x00007f4d6a4ee320, 0x00007f4d6a4eed38]
Event: 6,170 Thread 0x00007f4d80175800 1552       3       sun.reflect.ClassFileAssembler::emitConstantPoolUTF8 (50 bytes)
Event: 6,170 Thread 0x00007f4d80175800 nmethod 1552 0x00007f4d6a4ef090 code [0x00007f4d6a4ef2a0, 0x00007f4d6a4ef928]
Event: 6,170 Thread 0x00007f4d80175800 1553       3       javax.swing.UIDefaults::get (21 bytes)
Event: 6,170 Thread 0x00007f4d80175800 nmethod 1553 0x00007f4d6a4efc90 code [0x00007f4d6a4efe20, 0x00007f4d6a4f0058]
Event: 6,171 Thread 0x00007f4d80175800 1554       1       javax.swing.plaf.synth.SynthContext::getComponent (5 bytes)
Event: 6,171 Thread 0x00007f4d80175800 nmethod 1554 0x00007f4d717be310 code [0x00007f4d717be480, 0x00007f4d717be590]
Event: 6,171 Thread 0x00007f4d80175800 1555       3       jdk.internal.org.objectweb.asm.Type::getArgumentTypes (131 bytes)
Event: 6,172 Thread 0x00007f4d80175800 nmethod 1555 0x00007f4d6a4f0110 code [0x00007f4d6a4f0340, 0x00007f4d6a4f0ee8]

GC Heap History (10 events):
Event: 5,542 GC heap before
{Heap before GC invocations=21 (full 0):
 garbage-first heap   total 16384K, used 12445K [0x00000000e8000000, 0x00000000e8100080, 0x0000000100000000)
  region size 1024K, 2 young (2048K), 1 survivors (1024K)
 Metaspace       used 10021K, capacity 10252K, committed 10496K, reserved 1058816K
  class space    used 1123K, capacity 1217K, committed 1280K, reserved 1048576K
}
Event: 5,543 GC heap after
{Heap after GC invocations=22 (full 0):
 garbage-first heap   total 29696K, used 11445K [0x00000000e8000000, 0x00000000e81000e8, 0x0000000100000000)
  region size 1024K, 1 young (1024K), 1 survivors (1024K)
 Metaspace       used 10021K, capacity 10252K, committed 10496K, reserved 1058816K
  class space    used 1123K, capacity 1217K, committed 1280K, reserved 1048576K
}
Event: 5,713 GC heap before
{Heap before GC invocations=23 (full 0):
 garbage-first heap   total 29696K, used 18613K [0x00000000e8000000, 0x00000000e81000e8, 0x0000000100000000)
  region size 1024K, 8 young (8192K), 1 survivors (1024K)
 Metaspace       used 13789K, capacity 14152K, committed 14336K, reserved 1062912K
  class space    used 1563K, capacity 1701K, committed 1792K, reserved 1048576K
}
Event: 5,715 GC heap after
{Heap after GC invocations=24 (full 0):
 garbage-first heap   total 29696K, used 12976K [0x00000000e8000000, 0x00000000e81000e8, 0x0000000100000000)
  region size 1024K, 1 young (1024K), 1 survivors (1024K)
 Metaspace       used 13789K, capacity 14152K, committed 14336K, reserved 1062912K
  class space    used 1563K, capacity 1701K, committed 1792K, reserved 1048576K
}
Event: 5,822 GC heap before
{Heap before GC invocations=24 (full 0):
 garbage-first heap   total 29696K, used 20144K [0x00000000e8000000, 0x00000000e81000e8, 0x0000000100000000)
  region size 1024K, 8 young (8192K), 1 survivors (1024K)
 Metaspace       used 14504K, capacity 14942K, committed 15232K, reserved 1062912K
  class space    used 1651K, capacity 1820K, committed 1920K, reserved 1048576K
}
Event: 5,830 GC heap after
{Heap after GC invocations=25 (full 0):
 garbage-first heap   total 29696K, used 15663K [0x00000000e8000000, 0x00000000e81000e8, 0x0000000100000000)
  region size 1024K, 1 young (1024K), 1 survivors (1024K)
 Metaspace       used 14504K, capacity 14942K, committed 15232K, reserved 1062912K
  class space    used 1651K, capacity 1820K, committed 1920K, reserved 1048576K
}
Event: 5,903 GC heap before
{Heap before GC invocations=25 (full 0):
 garbage-first heap   total 29696K, used 20783K [0x00000000e8000000, 0x00000000e81000e8, 0x0000000100000000)
  region size 1024K, 6 young (6144K), 1 survivors (1024K)
 Metaspace       used 15786K, capacity 16320K, committed 16640K, reserved 1064960K
  class space    used 1802K, capacity 1983K, committed 2048K, reserved 1048576K
}
Event: 5,906 GC heap after
{Heap after GC invocations=26 (full 0):
 garbage-first heap   total 29696K, used 16922K [0x00000000e8000000, 0x00000000e81000e8, 0x0000000100000000)
  region size 1024K, 1 young (1024K), 1 survivors (1024K)
 Metaspace       used 15786K, capacity 16320K, committed 16640K, reserved 1064960K
  class space    used 1802K, capacity 1983K, committed 2048K, reserved 1048576K
}
Event: 6,112 GC heap before
{Heap before GC invocations=27 (full 0):
 garbage-first heap   total 29696K, used 21018K [0x00000000e8000000, 0x00000000e81000e8, 0x0000000100000000)
  region size 1024K, 5 young (5120K), 1 survivors (1024K)
 Metaspace       used 16315K, capacity 16880K, committed 16896K, reserved 1064960K
  class space    used 1861K, capacity 2041K, committed 2048K, reserved 1048576K
}
Event: 6,115 GC heap after
{Heap after GC invocations=28 (full 0):
 garbage-first heap   total 54272K, used 17410K [0x00000000e8000000, 0x00000000e81001a8, 0x0000000100000000)
  region size 1024K, 1 young (1024K), 1 survivors (1024K)
 Metaspace       used 16315K, capacity 16880K, committed 16896K, reserved 1064960K
  class space    used 1861K, capacity 2041K, committed 2048K, reserved 1048576K
}

Deoptimization events (10 events):
Event: 5,978 Thread 0x00007f4d80677000 Uncommon trap: reason=bimorphic_or_optimized_type_check action=maybe_recompile pc=0x00007f4d7178e844 method=java.lang.StringCoding$StringDecoder.charsetName()Ljava/lang/String; @ 17
Event: 5,989 Thread 0x00007f4d80677000 Uncommon trap: reason=bimorphic_or_optimized_type_check action=maybe_recompile pc=0x00007f4d71796174 method=java.util.Hashtable.addEntry(ILjava/lang/Object;Ljava/lang/Object;I)V @ 28
Event: 6,003 Thread 0x00007f4d80677000 Uncommon trap: reason=bimorphic_or_optimized_type_check action=maybe_recompile pc=0x00007f4d7178e844 method=java.lang.StringCoding$StringDecoder.charsetName()Ljava/lang/String; @ 17
Event: 6,008 Thread 0x00007f4d80677000 Uncommon trap: reason=bimorphic_or_optimized_type_check action=maybe_recompile pc=0x00007f4d71796174 method=java.util.Hashtable.addEntry(ILjava/lang/Object;Ljava/lang/Object;I)V @ 28
Event: 6,011 Thread 0x00007f4d80677000 Uncommon trap: reason=bimorphic_or_optimized_type_check action=maybe_recompile pc=0x00007f4d7178e844 method=java.lang.StringCoding$StringDecoder.charsetName()Ljava/lang/String; @ 17
Event: 6,026 Thread 0x00007f4d80677000 Uncommon trap: reason=bimorphic_or_optimized_type_check action=maybe_recompile pc=0x00007f4d7178e844 method=java.lang.StringCoding$StringDecoder.charsetName()Ljava/lang/String; @ 17
Event: 6,044 Thread 0x00007f4d80677000 Uncommon trap: reason=bimorphic_or_optimized_type_check action=maybe_recompile pc=0x00007f4d717a18dc method=java.util.Hashtable.addEntry(ILjava/lang/Object;Ljava/lang/Object;I)V @ 28
Event: 6,069 Thread 0x00007f4d80677000 Uncommon trap: reason=unstable_if action=reinterpret pc=0x00007f4d717a8a7c method=java.util.LinkedHashMap.afterNodeInsertion(Z)V @ 18
Event: 6,117 Thread 0x00007f4d80677000 Uncommon trap: reason=unstable_if action=reinterpret pc=0x00007f4d7174e59c method=java.lang.ref.SoftReference.get()Ljava/lang/Object; @ 6
Event: 6,132 Thread 0x00007f4d80677000 Uncommon trap: reason=class_check action=maybe_recompile pc=0x00007f4d717b7fc8 method=java.util.Hashtable.put(Ljava/lang/Object;Ljava/lang/Object;)Ljava/lang/Object; @ 60

Classes redefined (0 events):
No events

Internal exceptions (10 events):
Event: 5,660 Thread 0x00007f4d80011000 Exception <a 'java/io/FileNotFoundException'> (0x00000000e97bf730) thrown at [/build/openjdk-9-argm_o/openjdk-9-9~b114/src/hotspot/src/share/vm/prims/jni.cpp, line 605]
Event: 5,734 Thread 0x00007f4d80677000 Implicit null exception at 0x00007f4d7175bc80 to 0x00007f4d7175d135
Event: 5,771 Thread 0x00007f4d80011000 Exception <a 'java/io/FileNotFoundException'> (0x00000000e9a97428) thrown at [/build/openjdk-9-argm_o/openjdk-9-9~b114/src/hotspot/src/share/vm/prims/jni.cpp, line 605]
Event: 5,868 Thread 0x00007f4d80011000 Exception <a 'java/io/FileNotFoundException'> (0x00000000e98750d8) thrown at [/build/openjdk-9-argm_o/openjdk-9-9~b114/src/hotspot/src/share/vm/prims/jni.cpp, line 605]
Event: 5,872 Thread 0x00007f4d80011000 Exception <a 'java/lang/NoSuchMethodError': java.lang.Object.lambda$identity$2(Ljava/lang/Object;)Ljava/lang/Object;> (0x00000000e9888ad0) thrown at [/build/openjdk-9-argm_o/openjdk-9-9~b114/src/hotspot/src/share/vm/interpreter/linkResolver.cpp, line 728]
Event: 5,880 Thread 0x00007f4d80011000 Exception <a 'java/io/FileNotFoundException'> (0x00000000e98da808) thrown at [/build/openjdk-9-argm_o/openjdk-9-9~b114/src/hotspot/src/share/vm/prims/jni.cpp, line 605]
Event: 5,894 Thread 0x00007f4d80677000 Implicit null exception at 0x00007f4d71724bb8 to 0x00007f4d71724c46
Event: 6,127 Thread 0x00007f4d80677000 Exception <a 'java/lang/ClassNotFoundException': com/sun/java/swing/plaf/gtk/resources/gtkProvider> (0x00000000eb450c98) thrown at [/build/openjdk-9-argm_o/openjdk-9-9~b114/src/hotspot/src/share/vm/classfile/systemDictionary.cpp, line 224]
Event: 6,128 Thread 0x00007f4d80677000 Exception <a 'java/lang/ClassNotFoundException': com/sun/swing/internal/plaf/synth/resources/synthProvider> (0x00000000eb460890) thrown at [/build/openjdk-9-argm_o/openjdk-9-9~b114/src/hotspot/src/share/vm/classfile/systemDictionary.cpp, line 224]
Event: 6,129 Thread 0x00007f4d80677000 Exception <a 'java/lang/ClassNotFoundException': com/sun/swing/internal/plaf/basic/resources/basicProvider> (0x00000000eb464228) thrown at [/build/openjdk-9-argm_o/openjdk-9-9~b114/src/hotspot/src/share/vm/classfile/systemDictionary.cpp, line 224]

Events (10 events):
Event: 6,174 loading class sun/font/StrikeCache$DisposableStrike done
Event: 6,174 loading class sun/font/StrikeCache$SoftDisposerRef done
Event: 6,174 loading class sun/font/FileFontStrike
Event: 6,174 loading class sun/font/FileFontStrike done
Event: 6,174 Executing VM operation: RevokeBias
Event: 6,174 Executing VM operation: RevokeBias done
Event: 6,174 loading class sun/font/FontScaler
Event: 6,174 loading class sun/font/FontScaler done
Event: 6,174 loading class sun/font/FreetypeFontScaler
Event: 6,174 loading class sun/font/FreetypeFontScaler done


Dynamic libraries:
00400000-00401000 r-xp 00000000 08:16 1366277                            /usr/lib/jvm/java-9-openjdk-amd64/bin/java
00600000-00601000 r--p 00000000 08:16 1366277                            /usr/lib/jvm/java-9-openjdk-amd64/bin/java
00601000-00602000 rw-p 00001000 08:16 1366277                            /usr/lib/jvm/java-9-openjdk-amd64/bin/java
01863000-018a5000 rw-p 00000000 00:00 0                                  [heap]
e8000000-eb500000 rw-p 00000000 00:00 0 
eb500000-100000000 ---p 00000000 00:00 0 
100000000-100240000 rw-p 00000000 00:00 0 
100240000-140000000 ---p 00000000 00:00 0 
7f4ce6fc9000-7f4ce6fca000 ---p 00000000 00:00 0 
7f4ce6fca000-7f4ce77ca000 rw-p 00000000 00:00 0 
7f4ce77ca000-7f4ce77cb000 ---p 00000000 00:00 0 
7f4ce77cb000-7f4ce7fcb000 rw-p 00000000 00:00 0 
7f4ce7fcb000-7f4ce8001000 r-xp 00000000 08:16 395767                     /usr/lib/x86_64-linux-gnu/gvfs/libgvfscommon.so
7f4ce8001000-7f4ce8201000 ---p 00036000 08:16 395767                     /usr/lib/x86_64-linux-gnu/gvfs/libgvfscommon.so
7f4ce8201000-7f4ce8206000 r--p 00036000 08:16 395767                     /usr/lib/x86_64-linux-gnu/gvfs/libgvfscommon.so
7f4ce8206000-7f4ce8207000 rw-p 0003b000 08:16 395767                     /usr/lib/x86_64-linux-gnu/gvfs/libgvfscommon.so
7f4ce8207000-7f4ce8237000 r-xp 00000000 08:16 395207                     /usr/lib/x86_64-linux-gnu/gio/modules/libgvfsdbus.so
7f4ce8237000-7f4ce8437000 ---p 00030000 08:16 395207                     /usr/lib/x86_64-linux-gnu/gio/modules/libgvfsdbus.so
7f4ce8437000-7f4ce8438000 r--p 00030000 08:16 395207                     /usr/lib/x86_64-linux-gnu/gio/modules/libgvfsdbus.so
7f4ce8438000-7f4ce843a000 rw-p 00031000 08:16 395207                     /usr/lib/x86_64-linux-gnu/gio/modules/libgvfsdbus.so
7f4ce843a000-7f4ce84a0000 r-xp 00000000 08:16 142174                     /usr/lib/x86_64-linux-gnu/libibus-1.0.so.5.0.511
7f4ce84a0000-7f4ce869f000 ---p 00066000 08:16 142174                     /usr/lib/x86_64-linux-gnu/libibus-1.0.so.5.0.511
7f4ce869f000-7f4ce86a1000 r--p 00065000 08:16 142174                     /usr/lib/x86_64-linux-gnu/libibus-1.0.so.5.0.511
7f4ce86a1000-7f4ce86a2000 rw-p 00067000 08:16 142174                     /usr/lib/x86_64-linux-gnu/libibus-1.0.so.5.0.511
7f4ce86a2000-7f4ce86a3000 rw-p 00000000 00:00 0 
7f4ce86a3000-7f4ce86a9000 r-xp 00000000 08:16 395407                     /usr/lib/x86_64-linux-gnu/gtk-2.0/2.10.0/immodules/im-ibus.so
7f4ce86a9000-7f4ce88a9000 ---p 00006000 08:16 395407                     /usr/lib/x86_64-linux-gnu/gtk-2.0/2.10.0/immodules/im-ibus.so
7f4ce88a9000-7f4ce88aa000 r--p 00006000 08:16 395407                     /usr/lib/x86_64-linux-gnu/gtk-2.0/2.10.0/immodules/im-ibus.so
7f4ce88aa000-7f4ce88ab000 rw-p 00007000 08:16 395407                     /usr/lib/x86_64-linux-gnu/gtk-2.0/2.10.0/immodules/im-ibus.so
7f4ce88ab000-7f4ce88af000 ---p 00000000 00:00 0 
7f4ce88af000-7f4ce8b2c000 rw-p 00000000 00:00 0 
7f4ce8b2c000-7f4ce8bac000 ---p 00000000 00:00 0 
7f4ce8bac000-7f4ce8bad000 ---p 00000000 00:00 0 
7f4ce8bad000-7f4ce93ad000 rw-p 00000000 00:00 0 
7f4ce93ad000-7f4ce93ae000 ---p 00000000 00:00 0 
7f4ce93ae000-7f4ce9bae000 rw-p 00000000 00:00 0 
7f4ce9bae000-7f4ce9baf000 ---p 00000000 00:00 0 
7f4ce9baf000-7f4cea3af000 rw-p 00000000 00:00 0 
7f4cea3af000-7f4cea3ba000 r-xp 00000000 08:16 395202                     /usr/lib/x86_64-linux-gnu/gio/modules/libdconfsettings.so
7f4cea3ba000-7f4cea5ba000 ---p 0000b000 08:16 395202                     /usr/lib/x86_64-linux-gnu/gio/modules/libdconfsettings.so
7f4cea5ba000-7f4cea5bb000 r--p 0000b000 08:16 395202                     /usr/lib/x86_64-linux-gnu/gio/modules/libdconfsettings.so
7f4cea5bb000-7f4cea5bc000 rw-p 0000c000 08:16 395202                     /usr/lib/x86_64-linux-gnu/gio/modules/libdconfsettings.so
7f4cea5bc000-7f4cea5c3000 r-xp 00000000 08:16 142421                     /usr/lib/x86_64-linux-gnu/libogg.so.0.8.2
7f4cea5c3000-7f4cea7c3000 ---p 00007000 08:16 142421                     /usr/lib/x86_64-linux-gnu/libogg.so.0.8.2
7f4cea7c3000-7f4cea7c4000 r--p 00007000 08:16 142421                     /usr/lib/x86_64-linux-gnu/libogg.so.0.8.2
7f4cea7c4000-7f4cea7c5000 rw-p 00008000 08:16 142421                     /usr/lib/x86_64-linux-gnu/libogg.so.0.8.2
7f4cea7c5000-7f4cea7ef000 r-xp 00000000 08:16 137380                     /usr/lib/x86_64-linux-gnu/libvorbis.so.0.4.8
7f4cea7ef000-7f4cea9ee000 ---p 0002a000 08:16 137380                     /usr/lib/x86_64-linux-gnu/libvorbis.so.0.4.8
7f4cea9ee000-7f4cea9ef000 r--p 00029000 08:16 137380                     /usr/lib/x86_64-linux-gnu/libvorbis.so.0.4.8
7f4cea9ef000-7f4cea9f0000 rw-p 0002a000 08:16 137380                     /usr/lib/x86_64-linux-gnu/libvorbis.so.0.4.8
7f4cea9f0000-7f4cea9f9000 r-xp 00000000 08:16 142282                     /usr/lib/x86_64-linux-gnu/libltdl.so.7.3.1
7f4cea9f9000-7f4ceabf8000 ---p 00009000 08:16 142282                     /usr/lib/x86_64-linux-gnu/libltdl.so.7.3.1
7f4ceabf8000-7f4ceabf9000 r--p 00008000 08:16 142282                     /usr/lib/x86_64-linux-gnu/libltdl.so.7.3.1
7f4ceabf9000-7f4ceabfa000 rw-p 00009000 08:16 142282                     /usr/lib/x86_64-linux-gnu/libltdl.so.7.3.1
7f4ceabfa000-7f4ceac0e000 r-xp 00000000 08:16 142672                     /usr/lib/x86_64-linux-gnu/libtdb.so.1.3.8
7f4ceac0e000-7f4ceae0d000 ---p 00014000 08:16 142672                     /usr/lib/x86_64-linux-gnu/libtdb.so.1.3.8
7f4ceae0d000-7f4ceae0e000 r--p 00013000 08:16 142672                     /usr/lib/x86_64-linux-gnu/libtdb.so.1.3.8
7f4ceae0e000-7f4ceae0f000 rw-p 00014000 08:16 142672                     /usr/lib/x86_64-linux-gnu/libtdb.so.1.3.8
7f4ceae0f000-7f4ceae16000 r-xp 00000000 08:16 137376                     /usr/lib/x86_64-linux-gnu/libvorbisfile.so.3.3.7
7f4ceae16000-7f4ceb016000 ---p 00007000 08:16 137376                     /usr/lib/x86_64-linux-gnu/libvorbisfile.so.3.3.7
7f4ceb016000-7f4ceb017000 r--p 00007000 08:16 137376                     /usr/lib/x86_64-linux-gnu/libvorbisfile.so.3.3.7
7f4ceb017000-7f4ceb018000 rw-p 00008000 08:16 137376                     /usr/lib/x86_64-linux-gnu/libvorbisfile.so.3.3.7
7f4ceb018000-7f4ceb028000 r-xp 00000000 08:16 141663                     /usr/lib/x86_64-linux-gnu/libcanberra.so.0.2.5
7f4ceb028000-7f4ceb227000 ---p 00010000 08:16 141663                     /usr/lib/x86_64-linux-gnu/libcanberra.so.0.2.5
7f4ceb227000-7f4ceb228000 r--p 0000f000 08:16 141663                     /usr/lib/x86_64-linux-gnu/libcanberra.so.0.2.5
7f4ceb228000-7f4ceb229000 rw-p 00010000 08:16 141663                     /usr/lib/x86_64-linux-gnu/libcanberra.so.0.2.5
7f4ceb229000-7f4ceb22d000 r-xp 00000000 08:16 141659                     /usr/lib/x86_64-linux-gnu/libcanberra-gtk.so.0.1.9
7f4ceb22d000-7f4ceb42c000 ---p 00004000 08:16 141659                     /usr/lib/x86_64-linux-gnu/libcanberra-gtk.so.0.1.9
7f4ceb42c000-7f4ceb42d000 r--p 00003000 08:16 141659                     /usr/lib/x86_64-linux-gnu/libcanberra-gtk.so.0.1.9
7f4ceb42d000-7f4ceb42e000 rw-p 00004000 08:16 141659                     /usr/lib/x86_64-linux-gnu/libcanberra-gtk.so.0.1.9
7f4ceb42e000-7f4ceb433000 r-xp 00000000 08:16 395421                     /usr/lib/x86_64-linux-gnu/gtk-2.0/modules/libcanberra-gtk-module.so
7f4ceb433000-7f4ceb632000 ---p 00005000 08:16 395421                     /usr/lib/x86_64-linux-gnu/gtk-2.0/modules/libcanberra-gtk-module.so
7f4ceb632000-7f4ceb633000 r--p 00004000 08:16 395421                     /usr/lib/x86_64-linux-gnu/gtk-2.0/modules/libcanberra-gtk-module.so
7f4ceb633000-7f4ceb634000 rw-p 00005000 08:16 395421                     /usr/lib/x86_64-linux-gnu/gtk-2.0/modules/libcanberra-gtk-module.so
7f4ceb634000-7f4ceb664000 r-xp 00000000 08:16 395403                     /usr/lib/x86_64-linux-gnu/gtk-2.0/2.10.0/engines/libmurrine.so
7f4ceb664000-7f4ceb864000 ---p 00030000 08:16 395403                     /usr/lib/x86_64-linux-gnu/gtk-2.0/2.10.0/engines/libmurrine.so
7f4ceb864000-7f4ceb865000 r--p 00030000 08:16 395403                     /usr/lib/x86_64-linux-gnu/gtk-2.0/2.10.0/engines/libmurrine.so
7f4ceb865000-7f4ceb866000 rw-p 00031000 08:16 395403                     /usr/lib/x86_64-linux-gnu/gtk-2.0/2.10.0/engines/libmurrine.so
7f4ceb866000-7f4ceb877000 r-xp 00000000 08:16 395424                     /usr/lib/x86_64-linux-gnu/gtk-2.0/modules/liboverlay-scrollbar.so
7f4ceb877000-7f4ceba77000 ---p 00011000 08:16 395424                     /usr/lib/x86_64-linux-gnu/gtk-2.0/modules/liboverlay-scrollbar.so
7f4ceba77000-7f4ceba78000 r--p 00011000 08:16 395424                     /usr/lib/x86_64-linux-gnu/gtk-2.0/modules/liboverlay-scrollbar.so
7f4ceba78000-7f4ceba79000 rw-p 00012000 08:16 395424                     /usr/lib/x86_64-linux-gnu/gtk-2.0/modules/liboverlay-scrollbar.so
7f4ceba79000-7f4ceba7a000 r-xp 00000000 08:16 131516                     /usr/lib/x86_64-linux-gnu/libgthread-2.0.so.0.4800.2
7f4ceba7a000-7f4cebc79000 ---p 00001000 08:16 131516                     /usr/lib/x86_64-linux-gnu/libgthread-2.0.so.0.4800.2
7f4cebc79000-7f4cebc7a000 r--p 00000000 08:16 131516                     /usr/lib/x86_64-linux-gnu/libgthread-2.0.so.0.4800.2
7f4cebc7a000-7f4cebc7b000 rw-p 00001000 08:16 131516                     /usr/lib/x86_64-linux-gnu/libgthread-2.0.so.0.4800.2
7f4cebc7b000-7f4cebc81000 r-xp 00000000 08:16 141749                     /usr/lib/x86_64-linux-gnu/libdatrie.so.1.3.3
7f4cebc81000-7f4cebe81000 ---p 00006000 08:16 141749                     /usr/lib/x86_64-linux-gnu/libdatrie.so.1.3.3
7f4cebe81000-7f4cebe82000 r--p 00006000 08:16 141749                     /usr/lib/x86_64-linux-gnu/libdatrie.so.1.3.3
7f4cebe82000-7f4cebe83000 rw-p 00007000 08:16 141749                     /usr/lib/x86_64-linux-gnu/libdatrie.so.1.3.3
7f4cebe83000-7f4cebea7000 r-xp 00000000 08:16 142053                     /usr/lib/x86_64-linux-gnu/libgraphite2.so.3.0.1
7f4cebea7000-7f4cec0a6000 ---p 00024000 08:16 142053                     /usr/lib/x86_64-linux-gnu/libgraphite2.so.3.0.1
7f4cec0a6000-7f4cec0a8000 r--p 00023000 08:16 142053                     /usr/lib/x86_64-linux-gnu/libgraphite2.so.3.0.1
7f4cec0a8000-7f4cec0a9000 rw-p 00025000 08:16 142053                     /usr/lib/x86_64-linux-gnu/libgraphite2.so.3.0.1
7f4cec0a9000-7f4cec0cf000 r-xp 00000000 08:16 529580                     /lib/x86_64-linux-gnu/libexpat.so.1.6.0
7f4cec0cf000-7f4cec2cf000 ---p 00026000 08:16 529580                     /lib/x86_64-linux-gnu/libexpat.so.1.6.0
7f4cec2cf000-7f4cec2d1000 r--p 00026000 08:16 529580                     /lib/x86_64-linux-gnu/libexpat.so.1.6.0
7f4cec2d1000-7f4cec2d2000 rw-p 00028000 08:16 529580                     /lib/x86_64-linux-gnu/libexpat.so.1.6.0
7f4cec2d2000-7f4cec340000 r-xp 00000000 08:16 529678                     /lib/x86_64-linux-gnu/libpcre.so.3.13.2
7f4cec340000-7f4cec540000 ---p 0006e000 08:16 529678                     /lib/x86_64-linux-gnu/libpcre.so.3.13.2
7f4cec540000-7f4cec541000 r--p 0006e000 08:16 529678                     /lib/x86_64-linux-gnu/libpcre.so.3.13.2
7f4cec541000-7f4cec542000 rw-p 0006f000 08:16 529678                     /lib/x86_64-linux-gnu/libpcre.so.3.13.2
7f4cec542000-7f4cec549000 r-xp 00000000 08:16 141878                     /usr/lib/x86_64-linux-gnu/libffi.so.6.0.4
7f4cec549000-7f4cec748000 ---p 00007000 08:16 141878                     /usr/lib/x86_64-linux-gnu/libffi.so.6.0.4
7f4cec748000-7f4cec749000 r--p 00006000 08:16 141878                     /usr/lib/x86_64-linux-gnu/libffi.so.6.0.4
7f4cec749000-7f4cec74a000 rw-p 00007000 08:16 141878                     /usr/lib/x86_64-linux-gnu/libffi.so.6.0.4
7f4cec74a000-7f4cec752000 r-xp 00000000 08:16 142680                     /usr/lib/x86_64-linux-gnu/libthai.so.0.2.4
7f4cec752000-7f4cec951000 ---p 00008000 08:16 142680                     /usr/lib/x86_64-linux-gnu/libthai.so.0.2.4
7f4cec951000-7f4cec952000 r--p 00007000 08:16 142680                     /usr/lib/x86_64-linux-gnu/libthai.so.0.2.4
7f4cec952000-7f4cec953000 rw-p 00008000 08:16 142680                     /usr/lib/x86_64-linux-gnu/libthai.so.0.2.4
7f4cec953000-7f4cec9af000 r-xp 00000000 08:16 142141                     /usr/lib/x86_64-linux-gnu/libharfbuzz.so.0.10000.1
7f4cec9af000-7f4cecbaf000 ---p 0005c000 08:16 142141                     /usr/lib/x86_64-linux-gnu/libharfbuzz.so.0.10000.1
7f4cecbaf000-7f4cecbb0000 r--p 0005c000 08:16 142141                     /usr/lib/x86_64-linux-gnu/libharfbuzz.so.0.10000.1
7f4cecbb0000-7f4cecbb1000 rw-p 0005d000 08:16 142141                     /usr/lib/x86_64-linux-gnu/libharfbuzz.so.0.10000.1
7f4cecbb1000-7f4cecbc8000 r-xp 00000000 08:16 524380                     /lib/x86_64-linux-gnu/libresolv-2.23.so
7f4cecbc8000-7f4cecdc8000 ---p 00017000 08:16 524380                     /lib/x86_64-linux-gnu/libresolv-2.23.so
7f4cecdc8000-7f4cecdc9000 r--p 00017000 08:16 524380                     /lib/x86_64-linux-gnu/libresolv-2.23.so
7f4cecdc9000-7f4cecdca000 rw-p 00018000 08:16 524380                     /lib/x86_64-linux-gnu/libresolv-2.23.so
7f4cecdca000-7f4cecdcc000 rw-p 00000000 00:00 0 
7f4cecdcc000-7f4cecdeb000 r-xp 00000000 08:16 529707                     /lib/x86_64-linux-gnu/libselinux.so.1
7f4cecdeb000-7f4cecfea000 ---p 0001f000 08:16 529707                     /lib/x86_64-linux-gnu/libselinux.so.1
7f4cecfea000-7f4cecfeb000 r--p 0001e000 08:16 529707                     /lib/x86_64-linux-gnu/libselinux.so.1
7f4cecfeb000-7f4cecfec000 rw-p 0001f000 08:16 529707                     /lib/x86_64-linux-gnu/libselinux.so.1
7f4cecfec000-7f4cecfee000 rw-p 00000000 00:00 0 
7f4cecfee000-7f4cecff6000 r-xp 00000000 08:16 142894                     /usr/lib/x86_64-linux-gnu/libxcb-render.so.0.0.0
7f4cecff6000-7f4ced1f6000 ---p 00008000 08:16 142894                     /usr/lib/x86_64-linux-gnu/libxcb-render.so.0.0.0
7f4ced1f6000-7f4ced1f7000 r--p 00008000 08:16 142894                     /usr/lib/x86_64-linux-gnu/libxcb-render.so.0.0.0
7f4ced1f7000-7f4ced1f8000 rw-p 00009000 08:16 142894                     /usr/lib/x86_64-linux-gnu/libxcb-render.so.0.0.0
7f4ced1f8000-7f4ced1fa000 r-xp 00000000 08:16 142898                     /usr/lib/x86_64-linux-gnu/libxcb-shm.so.0.0.0
7f4ced1fa000-7f4ced3fa000 ---p 00002000 08:16 142898                     /usr/lib/x86_64-linux-gnu/libxcb-shm.so.0.0.0
7f4ced3fa000-7f4ced3fb000 r--p 00002000 08:16 142898                     /usr/lib/x86_64-linux-gnu/libxcb-shm.so.0.0.0
7f4ced3fb000-7f4ced3fc000 rw-p 00003000 08:16 142898                     /usr/lib/x86_64-linux-gnu/libxcb-shm.so.0.0.0
7f4ced3fc000-7f4ced49b000 r-xp 00000000 08:16 142477                     /usr/lib/x86_64-linux-gnu/libpixman-1.so.0.33.6
7f4ced49b000-7f4ced69b000 ---p 0009f000 08:16 142477                     /usr/lib/x86_64-linux-gnu/libpixman-1.so.0.33.6
7f4ced69b000-7f4ced6a3000 r--p 0009f000 08:16 142477                     /usr/lib/x86_64-linux-gnu/libpixman-1.so.0.33.6
7f4ced6a3000-7f4ced6a4000 rw-p 000a7000 08:16 142477                     /usr/lib/x86_64-linux-gnu/libpixman-1.so.0.33.6
7f4ced6a4000-7f4ced6a6000 r-xp 00000000 08:16 141497                     /usr/lib/x86_64-linux-gnu/libXdamage.so.1.1.0
7f4ced6a6000-7f4ced8a5000 ---p 00002000 08:16 141497                     /usr/lib/x86_64-linux-gnu/libXdamage.so.1.1.0
7f4ced8a5000-7f4ced8a6000 r--p 00001000 08:16 141497                     /usr/lib/x86_64-linux-gnu/libXdamage.so.1.1.0
7f4ced8a6000-7f4ced8a7000 rw-p 00002000 08:16 141497                     /usr/lib/x86_64-linux-gnu/libXdamage.so.1.1.0
7f4ced8a7000-7f4ced8a9000 r-xp 00000000 08:16 141493                     /usr/lib/x86_64-linux-gnu/libXcomposite.so.1.0.0
7f4ced8a9000-7f4cedaa8000 ---p 00002000 08:16 141493                     /usr/lib/x86_64-linux-gnu/libXcomposite.so.1.0.0
7f4cedaa8000-7f4cedaa9000 r--p 00001000 08:16 141493                     /usr/lib/x86_64-linux-gnu/libXcomposite.so.1.0.0
7f4cedaa9000-7f4cedaaa000 rw-p 00002000 08:16 141493                     /usr/lib/x86_64-linux-gnu/libXcomposite.so.1.0.0
7f4cedaaa000-7f4cedab4000 r-xp 00000000 08:16 141521                     /usr/lib/x86_64-linux-gnu/libXrandr.so.2.2.0
7f4cedab4000-7f4cedcb3000 ---p 0000a000 08:16 141521                     /usr/lib/x86_64-linux-gnu/libXrandr.so.2.2.0
7f4cedcb3000-7f4cedcb4000 r--p 00009000 08:16 141521                     /usr/lib/x86_64-linux-gnu/libXrandr.so.2.2.0
7f4cedcb4000-7f4cedcb5000 rw-p 0000a000 08:16 141521                     /usr/lib/x86_64-linux-gnu/libXrandr.so.2.2.0
7f4cedcb5000-7f4cedcb7000 r-xp 00000000 08:16 141513                     /usr/lib/x86_64-linux-gnu/libXinerama.so.1.0.0
7f4cedcb7000-7f4cedeb6000 ---p 00002000 08:16 141513                     /usr/lib/x86_64-linux-gnu/libXinerama.so.1.0.0
7f4cedeb6000-7f4cedeb7000 r--p 00001000 08:16 141513                     /usr/lib/x86_64-linux-gnu/libXinerama.so.1.0.0
7f4cedeb7000-7f4cedeb8000 rw-p 00002000 08:16 141513                     /usr/lib/x86_64-linux-gnu/libXinerama.so.1.0.0
7f4cedeb8000-7f4cedef5000 r-xp 00000000 08:16 141892                     /usr/lib/x86_64-linux-gnu/libfontconfig.so.1.9.0
7f4cedef5000-7f4cee0f4000 ---p 0003d000 08:16 141892                     /usr/lib/x86_64-linux-gnu/libfontconfig.so.1.9.0
7f4cee0f4000-7f4cee0f6000 r--p 0003c000 08:16 141892                     /usr/lib/x86_64-linux-gnu/libfontconfig.so.1.9.0
7f4cee0f6000-7f4cee0fb000 rw-p 0003e000 08:16 141892                     /usr/lib/x86_64-linux-gnu/libfontconfig.so.1.9.0
7f4cee0fb000-7f4cee20a000 r-xp 00000000 08:16 529432                     /lib/x86_64-linux-gnu/libglib-2.0.so.0.4800.2
7f4cee20a000-7f4cee409000 ---p 0010f000 08:16 529432                     /lib/x86_64-linux-gnu/libglib-2.0.so.0.4800.2
7f4cee409000-7f4cee40a000 r--p 0010e000 08:16 529432                     /lib/x86_64-linux-gnu/libglib-2.0.so.0.4800.2
7f4cee40a000-7f4cee40b000 rw-p 0010f000 08:16 529432                     /lib/x86_64-linux-gnu/libglib-2.0.so.0.4800.2
7f4cee40b000-7f4cee40c000 rw-p 00000000 00:00 0 
7f4cee40c000-7f4cee45e000 r-xp 00000000 08:16 131492                     /usr/lib/x86_64-linux-gnu/libgobject-2.0.so.0.4800.2
7f4cee45e000-7f4cee65d000 ---p 00052000 08:16 131492                     /usr/lib/x86_64-linux-gnu/libgobject-2.0.so.0.4800.2
7f4cee65d000-7f4cee65e000 r--p 00051000 08:16 131492                     /usr/lib/x86_64-linux-gnu/libgobject-2.0.so.0.4800.2
7f4cee65e000-7f4cee65f000 rw-p 00052000 08:16 131492                     /usr/lib/x86_64-linux-gnu/libgobject-2.0.so.0.4800.2
7f4cee65f000-7f4cee6a8000 r-xp 00000000 08:16 142447                     /usr/lib/x86_64-linux-gnu/libpango-1.0.so.0.3800.1
7f4cee6a8000-7f4cee8a8000 ---p 00049000 08:16 142447                     /usr/lib/x86_64-linux-gnu/libpango-1.0.so.0.3800.1
7f4cee8a8000-7f4cee8aa000 r--p 00049000 08:16 142447                     /usr/lib/x86_64-linux-gnu/libpango-1.0.so.0.3800.1
7f4cee8aa000-7f4cee8ab000 rw-p 0004b000 08:16 142447                     /usr/lib/x86_64-linux-gnu/libpango-1.0.so.0.3800.1
7f4cee8ab000-7f4cee8bf000 r-xp 00000000 08:16 142451                     /usr/lib/x86_64-linux-gnu/libpangoft2-1.0.so.0.3800.1
7f4cee8bf000-7f4ceeabf000 ---p 00014000 08:16 142451                     /usr/lib/x86_64-linux-gnu/libpangoft2-1.0.so.0.3800.1
7f4ceeabf000-7f4ceeac0000 r--p 00014000 08:16 142451                     /usr/lib/x86_64-linux-gnu/libpangoft2-1.0.so.0.3800.1
7f4ceeac0000-7f4ceeac1000 rw-p 00015000 08:16 142451                     /usr/lib/x86_64-linux-gnu/libpangoft2-1.0.so.0.3800.1
7f4ceeac1000-7f4ceec41000 r-xp 00000000 08:16 131513                     /usr/lib/x86_64-linux-gnu/libgio-2.0.so.0.4800.2
7f4ceec41000-7f4ceee41000 ---p 00180000 08:16 131513                     /usr/lib/x86_64-linux-gnu/libgio-2.0.so.0.4800.2
7f4ceee41000-7f4ceee45000 r--p 00180000 08:16 131513                     /usr/lib/x86_64-linux-gnu/libgio-2.0.so.0.4800.2
7f4ceee45000-7f4ceee47000 rw-p 00184000 08:16 131513                     /usr/lib/x86_64-linux-gnu/libgio-2.0.so.0.4800.2
7f4ceee47000-7f4ceee49000 rw-p 00000000 00:00 0 
7f4ceee49000-7f4ceee6a000 r-xp 00000000 08:16 133303                     /usr/lib/x86_64-linux-gnu/libgdk_pixbuf-2.0.so.0.3200.2
7f4ceee6a000-7f4cef069000 ---p 00021000 08:16 133303                     /usr/lib/x86_64-linux-gnu/libgdk_pixbuf-2.0.so.0.3200.2
7f4cef069000-7f4cef06a000 r--p 00020000 08:16 133303                     /usr/lib/x86_64-linux-gnu/libgdk_pixbuf-2.0.so.0.3200.2
7f4cef06a000-7f4cef06b000 rw-p 00021000 08:16 133303                     /usr/lib/x86_64-linux-gnu/libgdk_pixbuf-2.0.so.0.3200.2
7f4cef06b000-7f4cef179000 r-xp 00000000 08:16 141651                     /usr/lib/x86_64-linux-gnu/libcairo.so.2.11400.6
7f4cef179000-7f4cef379000 ---p 0010e000 08:16 141651                     /usr/lib/x86_64-linux-gnu/libcairo.so.2.11400.6
7f4cef379000-7f4cef37c000 r--p 0010e000 08:16 141651                     /usr/lib/x86_64-linux-gnu/libcairo.so.2.11400.6
7f4cef37c000-7f4cef37d000 rw-p 00111000 08:16 141651                     /usr/lib/x86_64-linux-gnu/libcairo.so.2.11400.6
7f4cef37d000-7f4cef37f000 rw-p 00000000 00:00 0 
7f4cef37f000-7f4cef3a1000 r-xp 00000000 08:16 141594                     /usr/lib/x86_64-linux-gnu/libatk-1.0.so.0.21809.1
7f4cef3a1000-7f4cef5a0000 ---p 00022000 08:16 141594                     /usr/lib/x86_64-linux-gnu/libatk-1.0.so.0.21809.1
7f4cef5a0000-7f4cef5a3000 r--p 00021000 08:16 141594                     /usr/lib/x86_64-linux-gnu/libatk-1.0.so.0.21809.1
7f4cef5a3000-7f4cef5a4000 rw-p 00024000 08:16 141594                     /usr/lib/x86_64-linux-gnu/libatk-1.0.so.0.21809.1
7f4cef5a4000-7f4cef5b0000 r-xp 00000000 08:16 142449                     /usr/lib/x86_64-linux-gnu/libpangocairo-1.0.so.0.3800.1
7f4cef5b0000-7f4cef7af000 ---p 0000c000 08:16 142449                     /usr/lib/x86_64-linux-gnu/libpangocairo-1.0.so.0.3800.1
7f4cef7af000-7f4cef7b0000 r--p 0000b000 08:16 142449                     /usr/lib/x86_64-linux-gnu/libpangocairo-1.0.so.0.3800.1
7f4cef7b0000-7f4cef7b1000 rw-p 0000c000 08:16 142449                     /usr/lib/x86_64-linux-gnu/libpangocairo-1.0.so.0.3800.1
7f4cef7b1000-7f4cef7b4000 r-xp 00000000 08:16 131468                     /usr/lib/x86_64-linux-gnu/libgmodule-2.0.so.0.4800.2
7f4cef7b4000-7f4cef9b3000 ---p 00003000 08:16 131468                     /usr/lib/x86_64-linux-gnu/libgmodule-2.0.so.0.4800.2
7f4cef9b3000-7f4cef9b4000 r--p 00002000 08:16 131468                     /usr/lib/x86_64-linux-gnu/libgmodule-2.0.so.0.4800.2
7f4cef9b4000-7f4cef9b5000 rw-p 00003000 08:16 131468                     /usr/lib/x86_64-linux-gnu/libgmodule-2.0.so.0.4800.2
7f4cef9b5000-7f4cefdf3000 r-xp 00000000 08:16 142110                     /usr/lib/x86_64-linux-gnu/libgtk-x11-2.0.so.0.2400.30
7f4cefdf3000-7f4cefff2000 ---p 0043e000 08:16 142110                     /usr/lib/x86_64-linux-gnu/libgtk-x11-2.0.so.0.2400.30
7f4cefff2000-7f4cefff9000 r--p 0043d000 08:16 142110                     /usr/lib/x86_64-linux-gnu/libgtk-x11-2.0.so.0.2400.30
7f4cefff9000-7f4cefffd000 rw-p 00444000 08:16 142110                     /usr/lib/x86_64-linux-gnu/libgtk-x11-2.0.so.0.2400.30
7f4cefffd000-7f4cf0000000 rw-p 00000000 00:00 0 
7f4cf0000000-7f4cf0021000 rw-p 00000000 00:00 0 
7f4cf0021000-7f4cf4000000 ---p 00000000 00:00 0 
7f4cf4000000-7f4cf44b1000 rw-p 00000000 00:00 0 
7f4cf44b1000-7f4cf8000000 ---p 00000000 00:00 0 
7f4cf8000000-7f4cf8021000 rw-p 00000000 00:00 0 
7f4cf8021000-7f4cfc000000 ---p 00000000 00:00 0 
7f4cfc000000-7f4cfc021000 rw-p 00000000 00:00 0 
7f4cfc021000-7f4d00000000 ---p 00000000 00:00 0 
7f4d00000000-7f4d00021000 rw-p 00000000 00:00 0 
7f4d00021000-7f4d04000000 ---p 00000000 00:00 0 
7f4d04000000-7f4d04021000 rw-p 00000000 00:00 0 
7f4d04021000-7f4d08000000 ---p 00000000 00:00 0 
7f4d08000000-7f4d08021000 rw-p 00000000 00:00 0 
7f4d08021000-7f4d0c000000 ---p 00000000 00:00 0 
7f4d0c000000-7f4d0c021000 rw-p 00000000 00:00 0 
7f4d0c021000-7f4d10000000 ---p 00000000 00:00 0 
7f4d10000000-7f4d10021000 rw-p 00000000 00:00 0 
7f4d10021000-7f4d14000000 ---p 00000000 00:00 0 
7f4d140c9000-7f4d14179000 r-xp 00000000 08:16 141965                     /usr/lib/x86_64-linux-gnu/libgdk-x11-2.0.so.0.2400.30
7f4d14179000-7f4d14378000 ---p 000b0000 08:16 141965                     /usr/lib/x86_64-linux-gnu/libgdk-x11-2.0.so.0.2400.30
7f4d14378000-7f4d1437c000 r--p 000af000 08:16 141965                     /usr/lib/x86_64-linux-gnu/libgdk-x11-2.0.so.0.2400.30
7f4d1437c000-7f4d1437e000 rw-p 000b3000 08:16 141965                     /usr/lib/x86_64-linux-gnu/libgdk-x11-2.0.so.0.2400.30
7f4d1437e000-7f4d14383000 r-xp 00000000 08:16 1366477                    /usr/lib/jvm/java-9-openjdk-amd64/lib/amd64/libmanagement_ext.so
7f4d14383000-7f4d14582000 ---p 00005000 08:16 1366477                    /usr/lib/jvm/java-9-openjdk-amd64/lib/amd64/libmanagement_ext.so
7f4d14582000-7f4d14583000 r--p 00004000 08:16 1366477                    /usr/lib/jvm/java-9-openjdk-amd64/lib/amd64/libmanagement_ext.so
7f4d14583000-7f4d14584000 rw-p 00005000 08:16 1366477                    /usr/lib/jvm/java-9-openjdk-amd64/lib/amd64/libmanagement_ext.so
7f4d14584000-7f4d14589000 r-xp 00000000 08:16 1366491                    /usr/lib/jvm/java-9-openjdk-amd64/lib/amd64/libmanagement.so
7f4d14589000-7f4d14788000 ---p 00005000 08:16 1366491                    /usr/lib/jvm/java-9-openjdk-amd64/lib/amd64/libmanagement.so
7f4d14788000-7f4d14789000 r--p 00004000 08:16 1366491                    /usr/lib/jvm/java-9-openjdk-amd64/lib/amd64/libmanagement.so
7f4d14789000-7f4d1478a000 rw-p 00005000 08:16 1366491                    /usr/lib/jvm/java-9-openjdk-amd64/lib/amd64/libmanagement.so
7f4d1478a000-7f4d1498a000 rw-p 00000000 00:00 0 
7f4d1498a000-7f4d1498e000 ---p 00000000 00:00 0 
7f4d1498e000-7f4d14a8b000 rw-p 00000000 00:00 0 
7f4d14a8b000-7f4d14b2f000 r-xp 00000000 08:16 141926                     /usr/lib/x86_64-linux-gnu/libfreetype.so.6.12.1
7f4d14b2f000-7f4d14d2e000 ---p 000a4000 08:16 141926                     /usr/lib/x86_64-linux-gnu/libfreetype.so.6.12.1
7f4d14d2e000-7f4d14d34000 r--p 000a3000 08:16 141926                     /usr/lib/x86_64-linux-gnu/libfreetype.so.6.12.1
7f4d14d34000-7f4d14d35000 rw-p 000a9000 08:16 141926                     /usr/lib/x86_64-linux-gnu/libfreetype.so.6.12.1
7f4d14d35000-7f4d14dfb000 r-xp 00000000 08:16 1366473                    /usr/lib/jvm/java-9-openjdk-amd64/lib/amd64/libfontmanager.so
7f4d14dfb000-7f4d14ffa000 ---p 000c6000 08:16 1366473                    /usr/lib/jvm/java-9-openjdk-amd64/lib/amd64/libfontmanager.so
7f4d14ffa000-7f4d14ffd000 r--p 000c5000 08:16 1366473                    /usr/lib/jvm/java-9-openjdk-amd64/lib/amd64/libfontmanager.so
7f4d14ffd000-7f4d14ffe000 rw-p 000c8000 08:16 1366473                    /usr/lib/jvm/java-9-openjdk-amd64/lib/amd64/libfontmanager.so
7f4d14ffe000-7f4d18000000 rw-p 00000000 00:00 0 
7f4d18000000-7f4d18413000 rw-p 00000000 00:00 0 
7f4d18413000-7f4d1c000000 ---p 00000000 00:00 0 
7f4d1c000000-7f4d1c021000 rw-p 00000000 00:00 0 
7f4d1c021000-7f4d20000000 ---p 00000000 00:00 0 
7f4d20000000-7f4d2067d000 rw-p 00000000 00:00 0 
7f4d2067d000-7f4d24000000 ---p 00000000 00:00 0 
7f4d24000000-7f4d243e5000 rw-p 00000000 00:00 0 
7f4d243e5000-7f4d28000000 ---p 00000000 00:00 0 
7f4d28000000-7f4d28021000 rw-p 00000000 00:00 0 
7f4d28021000-7f4d2c000000 ---p 00000000 00:00 0 
7f4d2c000000-7f4d2c021000 rw-p 00000000 00:00 0 
7f4d2c021000-7f4d30000000 ---p 00000000 00:00 0 
7f4d30000000-7f4d30021000 rw-p 00000000 00:00 0 
7f4d30021000-7f4d34000000 ---p 00000000 00:00 0 
7f4d34000000-7f4d34021000 rw-p 00000000 00:00 0 
7f4d34021000-7f4d38000000 ---p 00000000 00:00 0 
7f4d38000000-7f4d38022000 rw-p 00000000 00:00 0 
7f4d38022000-7f4d3c000000 ---p 00000000 00:00 0 
7f4d3c000000-7f4d3c021000 rw-p 00000000 00:00 0 
7f4d3c021000-7f4d40000000 ---p 00000000 00:00 0 
7f4d40032000-7f4d40086000 r--p 00000000 08:16 1181072                    /usr/share/fonts/truetype/dejavu/DejaVuSansMono.ttf
7f4d40086000-7f4d4008a000 ---p 00000000 00:00 0 
7f4d4008a000-7f4d40187000 rw-p 00000000 00:00 0 
7f4d40187000-7f4d4018b000 ---p 00000000 00:00 0 
7f4d4018b000-7f4d40288000 rw-p 00000000 00:00 0 
7f4d40288000-7f4d40297000 r-xp 00000000 08:16 141511                     /usr/lib/x86_64-linux-gnu/libXi.so.6.1.0
7f4d40297000-7f4d40496000 ---p 0000f000 08:16 141511                     /usr/lib/x86_64-linux-gnu/libXi.so.6.1.0
7f4d40496000-7f4d40497000 r--p 0000e000 08:16 141511                     /usr/lib/x86_64-linux-gnu/libXi.so.6.1.0
7f4d40497000-7f4d40498000 rw-p 0000f000 08:16 141511                     /usr/lib/x86_64-linux-gnu/libXi.so.6.1.0
7f4d40498000-7f4d4049d000 r-xp 00000000 08:16 141529                     /usr/lib/x86_64-linux-gnu/libXtst.so.6.1.0
7f4d4049d000-7f4d4069c000 ---p 00005000 08:16 141529                     /usr/lib/x86_64-linux-gnu/libXtst.so.6.1.0
7f4d4069c000-7f4d4069d000 r--p 00004000 08:16 141529                     /usr/lib/x86_64-linux-gnu/libXtst.so.6.1.0
7f4d4069d000-7f4d4069e000 rw-p 00005000 08:16 141529                     /usr/lib/x86_64-linux-gnu/libXtst.so.6.1.0
7f4d4069e000-7f4d406f5000 r-xp 00000000 08:16 1366500                    /usr/lib/jvm/java-9-openjdk-amd64/lib/amd64/libawt_xawt.so
7f4d406f5000-7f4d408f5000 ---p 00057000 08:16 1366500                    /usr/lib/jvm/java-9-openjdk-amd64/lib/amd64/libawt_xawt.so
7f4d408f5000-7f4d408f6000 r--p 00057000 08:16 1366500                    /usr/lib/jvm/java-9-openjdk-amd64/lib/amd64/libawt_xawt.so
7f4d408f6000-7f4d408f9000 rw-p 00058000 08:16 1366500                    /usr/lib/jvm/java-9-openjdk-amd64/lib/amd64/libawt_xawt.so
7f4d408f9000-7f4d408fa000 rw-p 00000000 00:00 0 
7f4d408fa000-7f4d4099a000 r-xp 00000000 08:16 1366472                    /usr/lib/jvm/java-9-openjdk-amd64/lib/amd64/libawt.so
7f4d4099a000-7f4d40b99000 ---p 000a0000 08:16 1366472                    /usr/lib/jvm/java-9-openjdk-amd64/lib/amd64/libawt.so
7f4d40b99000-7f4d40b9a000 r--p 0009f000 08:16 1366472                    /usr/lib/jvm/java-9-openjdk-amd64/lib/amd64/libawt.so
7f4d40b9a000-7f4d40ba5000 rw-p 000a0000 08:16 1366472                    /usr/lib/jvm/java-9-openjdk-amd64/lib/amd64/libawt.so
7f4d40ba5000-7f4d40dca000 rw-p 00000000 00:00 0 
7f4d40dca000-7f4d40fca000 rw-p 00000000 00:00 0 
7f4d40fca000-7f4d40fce000 ---p 00000000 00:00 0 
7f4d40fce000-7f4d410cb000 rw-p 00000000 00:00 0 
7f4d410cb000-7f4d410cf000 ---p 00000000 00:00 0 
7f4d410cf000-7f4d411cc000 rw-p 00000000 00:00 0 
7f4d411cc000-7f4d411d0000 ---p 00000000 00:00 0 
7f4d411d0000-7f4d412cd000 rw-p 00000000 00:00 0 
7f4d412cd000-7f4d412ce000 ---p 00000000 00:00 0 
7f4d412ce000-7f4d413ce000 rw-p 00000000 00:00 0 
7f4d413ce000-7f4d413d2000 ---p 00000000 00:00 0 
7f4d413d2000-7f4d414cf000 rw-p 00000000 00:00 0 
7f4d414cf000-7f4d414d3000 ---p 00000000 00:00 0 
7f4d414d3000-7f4d415d0000 rw-p 00000000 00:00 0 
7f4d415d0000-7f4d415e6000 r-xp 00000000 08:16 1366474                    /usr/lib/jvm/java-9-openjdk-amd64/lib/amd64/libnet.so
7f4d415e6000-7f4d417e5000 ---p 00016000 08:16 1366474                    /usr/lib/jvm/java-9-openjdk-amd64/lib/amd64/libnet.so
7f4d417e5000-7f4d417e6000 r--p 00015000 08:16 1366474                    /usr/lib/jvm/java-9-openjdk-amd64/lib/amd64/libnet.so
7f4d417e6000-7f4d417e7000 rw-p 00016000 08:16 1366474                    /usr/lib/jvm/java-9-openjdk-amd64/lib/amd64/libnet.so
7f4d417e7000-7f4d417f8000 r-xp 00000000 08:16 1366501                    /usr/lib/jvm/java-9-openjdk-amd64/lib/amd64/libnio.so
7f4d417f8000-7f4d419f8000 ---p 00011000 08:16 1366501                    /usr/lib/jvm/java-9-openjdk-amd64/lib/amd64/libnio.so
7f4d419f8000-7f4d419f9000 r--p 00011000 08:16 1366501                    /usr/lib/jvm/java-9-openjdk-amd64/lib/amd64/libnio.so
7f4d419f9000-7f4d419fa000 rw-p 00012000 08:16 1366501                    /usr/lib/jvm/java-9-openjdk-amd64/lib/amd64/libnio.so
7f4d419fa000-7f4d419fe000 ---p 00000000 00:00 0 
7f4d419fe000-7f4d41afb000 rw-p 00000000 00:00 0 
7f4d41afb000-7f4d41aff000 ---p 00000000 00:00 0 
7f4d41aff000-7f4d41bfc000 rw-p 00000000 00:00 0 
7f4d41bfc000-7f4d41c00000 ---p 00000000 00:00 0 
7f4d41c00000-7f4d41cfd000 rw-p 00000000 00:00 0 
7f4d41cfd000-7f4d41d01000 ---p 00000000 00:00 0 
7f4d41d01000-7f4d41dfe000 rw-p 00000000 00:00 0 
7f4d41dfe000-7f4d41e02000 ---p 00000000 00:00 0 
7f4d41e02000-7f4d41eff000 rw-p 00000000 00:00 0 
7f4d41eff000-7f4d41f03000 ---p 00000000 00:00 0 
7f4d41f03000-7f4d44000000 rw-p 00000000 00:00 0 
7f4d44000000-7f4d44021000 rw-p 00000000 00:00 0 
7f4d44021000-7f4d48000000 ---p 00000000 00:00 0 
7f4d48000000-7f4d48021000 rw-p 00000000 00:00 0 
7f4d48021000-7f4d4c000000 ---p 00000000 00:00 0 
7f4d4c000000-7f4d4c021000 rw-p 00000000 00:00 0 
7f4d4c021000-7f4d50000000 ---p 00000000 00:00 0 
7f4d50000000-7f4d50021000 rw-p 00000000 00:00 0 
7f4d50021000-7f4d54000000 ---p 00000000 00:00 0 
7f4d54000000-7f4d54021000 rw-p 00000000 00:00 0 
7f4d54021000-7f4d58000000 ---p 00000000 00:00 0 
7f4d58000000-7f4d58021000 rw-p 00000000 00:00 0 
7f4d58021000-7f4d5c000000 ---p 00000000 00:00 0 
7f4d5c000000-7f4d5c021000 rw-p 00000000 00:00 0 
7f4d5c021000-7f4d60000000 ---p 00000000 00:00 0 
7f4d60000000-7f4d60022000 rw-p 00000000 00:00 0 
7f4d60022000-7f4d64000000 ---p 00000000 00:00 0 
7f4d64000000-7f4d6402c000 rw-p 00000000 00:00 0 
7f4d6402c000-7f4d68000000 ---p 00000000 00:00 0 
7f4d68009000-7f4d68060000 r--p 00000000 08:16 1181204                    /usr/share/fonts/truetype/ubuntu-font-family/Ubuntu-R.ttf
7f4d68060000-7f4d6806b000 r--s 00000000 08:16 1967127                    /var/cache/fontconfig/945677eb7aeaf62f1d50efc3fb3ec7d8-le64.cache-6
7f4d6806b000-7f4d68071000 r--s 00000000 08:16 1967109                    /var/cache/fontconfig/2cd17615ca594fa2959ae173292e504c-le64.cache-6
7f4d68071000-7f4d68078000 r--s 00000000 08:16 1982971                    /var/cache/fontconfig/6eb3985aa4124903f6ff08ba781cd364-le64.cache-6
7f4d68078000-7f4d68079000 r--s 00000000 08:16 1967106                    /var/cache/fontconfig/0d8c3b2ac0904cb8a57a757ad11a4a08-le64.cache-6
7f4d68079000-7f4d6807d000 ---p 00000000 00:00 0 
7f4d6807d000-7f4d6817a000 rw-p 00000000 00:00 0 
7f4d6817a000-7f4d6817e000 ---p 00000000 00:00 0 
7f4d6817e000-7f4d6827b000 rw-p 00000000 00:00 0 
7f4d6827b000-7f4d6827c000 ---p 00000000 00:00 0 
7f4d6827c000-7f4d68c4d000 rw-p 00000000 00:00 0 
7f4d68c4d000-7f4d69125000 rw-p 00000000 00:00 0 
7f4d69125000-7f4d69651000 ---p 00000000 00:00 0 
7f4d69651000-7f4d69725000 rw-p 00000000 00:00 0 
7f4d69725000-7f4d69c51000 ---p 00000000 00:00 0 
7f4d69c51000-7f4d69ec1000 rwxp 00000000 00:00 0 
7f4d69ec1000-7f4d6a1e1000 ---p 00000000 00:00 0 
7f4d6a1e1000-7f4d6a501000 rwxp 00000000 00:00 0 
7f4d6a501000-7f4d71719000 ---p 00000000 00:00 0 
7f4d71719000-7f4d71989000 rwxp 00000000 00:00 0 
7f4d71989000-7f4d78c51000 ---p 00000000 00:00 0 
7f4d78c51000-7f4d80000000 r--s 00000000 08:16 1366282                    /usr/lib/jvm/java-9-openjdk-amd64/lib/modules
7f4d80000000-7f4d806c9000 rw-p 00000000 00:00 0 
7f4d806c9000-7f4d84000000 ---p 00000000 00:00 0 
7f4d84000000-7f4d84021000 rw-p 00000000 00:00 0 
7f4d84021000-7f4d88000000 ---p 00000000 00:00 0 
7f4d88000000-7f4d88089000 rw-p 00000000 00:00 0 
7f4d88089000-7f4d8c000000 ---p 00000000 00:00 0 
7f4d8c000000-7f4d8c004000 r--s 00000000 08:16 1982970                    /var/cache/fontconfig/6d41288fd70b0be22e8c3a91e032eec0-le64.cache-6
7f4d8c004000-7f4d8c008000 r--s 00000000 08:16 1982968                    /var/cache/fontconfig/de156ccd2eddbdc19d37a45b8b2aac9c-le64.cache-6
7f4d8c008000-7f4d8c01d000 r--s 00000000 08:16 1967103                    /var/cache/fontconfig/04aabc0a78ac019cf9454389977116d2-le64.cache-6
7f4d8c01d000-7f4d8c01e000 r--s 00000000 08:16 1967108                    /var/cache/fontconfig/1ac9eb803944fde146138c791f5cc56a-le64.cache-6
7f4d8c01e000-7f4d8c022000 r--s 00000000 08:16 1967113                    /var/cache/fontconfig/385c0604a188198f04d133e54aba7fe7-le64.cache-6
7f4d8c022000-7f4d8c023000 r--s 00000000 08:16 1967140                    /var/cache/fontconfig/dc05db6664285cc2f12bf69c139ae4c3-le64.cache-6
7f4d8c023000-7f4d8c026000 r--s 00000000 08:16 1967123                    /var/cache/fontconfig/767a8244fc0220cfb567a839d0392e0b-le64.cache-6
7f4d8c026000-7f4d8c027000 r--s 00000000 08:16 1972184                    /var/cache/fontconfig/4794a0821666d79190d59a36cb4f44b5-le64.cache-6
7f4d8c027000-7f4d8c02c000 r--s 00000000 08:16 1967126                    /var/cache/fontconfig/8801497958630a81b71ace7c5f9b32a8-le64.cache-6
7f4d8c02c000-7f4d8c030000 r--s 00000000 08:16 1982963                    /var/cache/fontconfig/c57959a16110560c8d0fcea73374aeeb-le64.cache-6
7f4d8c030000-7f4d8c031000 r--s 00000000 08:16 1967133                    /var/cache/fontconfig/bab58bb527bb656aaa9f116d68a48d89-le64.cache-6
7f4d8c031000-7f4d8c038000 r--s 00000000 08:16 1967110                    /var/cache/fontconfig/3047814df9a2f067bd2d96a2b9c36e5a-le64.cache-6
7f4d8c038000-7f4d8c040000 r--s 00000000 08:16 1972899                    /var/cache/fontconfig/bf3b770c553c462765856025a94f1ce6-le64.cache-6
7f4d8c040000-7f4d8c046000 r--s 00000000 08:16 1967131                    /var/cache/fontconfig/b47c4e1ecd0709278f4910c18777a504-le64.cache-6
7f4d8c046000-7f4d8c047000 ---p 00000000 00:00 0 
7f4d8c047000-7f4d8c147000 rw-p 00000000 00:00 0 
7f4d8c147000-7f4d8c148000 ---p 00000000 00:00 0 
7f4d8c148000-7f4d8c263000 rw-p 00000000 00:00 0 
7f4d8c263000-7f4d8c308000 ---p 00000000 00:00 0 
7f4d8c308000-7f4d8c323000 rw-p 00000000 00:00 0 
7f4d8c323000-7f4d8c488000 ---p 00000000 00:00 0 
7f4d8c488000-7f4d8c4a3000 rw-p 00000000 00:00 0 
7f4d8c4a3000-7f4d8c548000 ---p 00000000 00:00 0 
7f4d8c548000-7f4d8c549000 ---p 00000000 00:00 0 
7f4d8c549000-7f4d8c649000 rw-p 00000000 00:00 0 
7f4d8c649000-7f4d8c64a000 ---p 00000000 00:00 0 
7f4d8c64a000-7f4d8c74a000 rw-p 00000000 00:00 0 
7f4d8c74a000-7f4d8c74b000 ---p 00000000 00:00 0 
7f4d8c74b000-7f4d8c84b000 rw-p 00000000 00:00 0 
7f4d8c84b000-7f4d8c84c000 ---p 00000000 00:00 0 
7f4d8c84c000-7f4d8c94c000 rw-p 00000000 00:00 0 
7f4d8c94c000-7f4d8c94d000 ---p 00000000 00:00 0 
7f4d8c94d000-7f4d8ce51000 rw-p 00000000 00:00 0 
7f4d8ce51000-7f4d8ce52000 ---p 00000000 00:00 0 
7f4d8ce52000-7f4d8cf52000 rw-p 00000000 00:00 0 
7f4d8cf52000-7f4d8cf53000 ---p 00000000 00:00 0 
7f4d8cf53000-7f4d8d053000 rw-p 00000000 00:00 0 
7f4d8d053000-7f4d8d054000 ---p 00000000 00:00 0 
7f4d8d054000-7f4d8d154000 rw-p 00000000 00:00 0 
7f4d8d154000-7f4d8d155000 ---p 00000000 00:00 0 
7f4d8d155000-7f4d8d25a000 rw-p 00000000 00:00 0 
7f4d8d25a000-7f4d8d340000 ---p 00000000 00:00 0 
7f4d8d340000-7f4d8d347000 rw-p 00000000 00:00 0 
7f4d8d347000-7f4d8d42b000 ---p 00000000 00:00 0 
7f4d8d42b000-7f4d8d430000 r-xp 00000000 08:16 1366488                    /usr/lib/jvm/java-9-openjdk-amd64/lib/amd64/libjimage.so
7f4d8d430000-7f4d8d62f000 ---p 00005000 08:16 1366488                    /usr/lib/jvm/java-9-openjdk-amd64/lib/amd64/libjimage.so
7f4d8d62f000-7f4d8d630000 r--p 00004000 08:16 1366488                    /usr/lib/jvm/java-9-openjdk-amd64/lib/amd64/libjimage.so
7f4d8d630000-7f4d8d631000 rw-p 00005000 08:16 1366488                    /usr/lib/jvm/java-9-openjdk-amd64/lib/amd64/libjimage.so
7f4d8d631000-7f4d8d638000 r-xp 00000000 08:16 1366484                    /usr/lib/jvm/java-9-openjdk-amd64/lib/amd64/libzip.so
7f4d8d638000-7f4d8d837000 ---p 00007000 08:16 1366484                    /usr/lib/jvm/java-9-openjdk-amd64/lib/amd64/libzip.so
7f4d8d837000-7f4d8d838000 r--p 00006000 08:16 1366484                    /usr/lib/jvm/java-9-openjdk-amd64/lib/amd64/libzip.so
7f4d8d838000-7f4d8d839000 rw-p 00007000 08:16 1366484                    /usr/lib/jvm/java-9-openjdk-amd64/lib/amd64/libzip.so
7f4d8d839000-7f4d8d844000 r-xp 00000000 08:16 524384                     /lib/x86_64-linux-gnu/libnss_files-2.23.so
7f4d8d844000-7f4d8da43000 ---p 0000b000 08:16 524384                     /lib/x86_64-linux-gnu/libnss_files-2.23.so
7f4d8da43000-7f4d8da44000 r--p 0000a000 08:16 524384                     /lib/x86_64-linux-gnu/libnss_files-2.23.so
7f4d8da44000-7f4d8da45000 rw-p 0000b000 08:16 524384                     /lib/x86_64-linux-gnu/libnss_files-2.23.so
7f4d8da45000-7f4d8da4b000 rw-p 00000000 00:00 0 
7f4d8da4b000-7f4d8da56000 r-xp 00000000 08:16 524377                     /lib/x86_64-linux-gnu/libnss_nis-2.23.so
7f4d8da56000-7f4d8dc55000 ---p 0000b000 08:16 524377                     /lib/x86_64-linux-gnu/libnss_nis-2.23.so
7f4d8dc55000-7f4d8dc56000 r--p 0000a000 08:16 524377                     /lib/x86_64-linux-gnu/libnss_nis-2.23.so
7f4d8dc56000-7f4d8dc57000 rw-p 0000b000 08:16 524377                     /lib/x86_64-linux-gnu/libnss_nis-2.23.so
7f4d8dc57000-7f4d8dc6d000 r-xp 00000000 08:16 524382                     /lib/x86_64-linux-gnu/libnsl-2.23.so
7f4d8dc6d000-7f4d8de6c000 ---p 00016000 08:16 524382                     /lib/x86_64-linux-gnu/libnsl-2.23.so
7f4d8de6c000-7f4d8de6d000 r--p 00015000 08:16 524382                     /lib/x86_64-linux-gnu/libnsl-2.23.so
7f4d8de6d000-7f4d8de6e000 rw-p 00016000 08:16 524382                     /lib/x86_64-linux-gnu/libnsl-2.23.so
7f4d8de6e000-7f4d8de70000 rw-p 00000000 00:00 0 
7f4d8de70000-7f4d8de78000 r-xp 00000000 08:16 529231                     /lib/x86_64-linux-gnu/libnss_compat-2.23.so
7f4d8de78000-7f4d8e077000 ---p 00008000 08:16 529231                     /lib/x86_64-linux-gnu/libnss_compat-2.23.so
7f4d8e077000-7f4d8e078000 r--p 00007000 08:16 529231                     /lib/x86_64-linux-gnu/libnss_compat-2.23.so
7f4d8e078000-7f4d8e079000 rw-p 00008000 08:16 529231                     /lib/x86_64-linux-gnu/libnss_compat-2.23.so
7f4d8e079000-7f4d8e0a4000 r-xp 00000000 08:16 1366291                    /usr/lib/jvm/java-9-openjdk-amd64/lib/amd64/libjava.so
7f4d8e0a4000-7f4d8e2a3000 ---p 0002b000 08:16 1366291                    /usr/lib/jvm/java-9-openjdk-amd64/lib/amd64/libjava.so
7f4d8e2a3000-7f4d8e2a4000 r--p 0002a000 08:16 1366291                    /usr/lib/jvm/java-9-openjdk-amd64/lib/amd64/libjava.so
7f4d8e2a4000-7f4d8e2a6000 rw-p 0002b000 08:16 1366291                    /usr/lib/jvm/java-9-openjdk-amd64/lib/amd64/libjava.so
7f4d8e2a6000-7f4d8e2b3000 r-xp 00000000 08:16 1366292                    /usr/lib/jvm/java-9-openjdk-amd64/lib/amd64/libverify.so
7f4d8e2b3000-7f4d8e4b2000 ---p 0000d000 08:16 1366292                    /usr/lib/jvm/java-9-openjdk-amd64/lib/amd64/libverify.so
7f4d8e4b2000-7f4d8e4b4000 r--p 0000c000 08:16 1366292                    /usr/lib/jvm/java-9-openjdk-amd64/lib/amd64/libverify.so
7f4d8e4b4000-7f4d8e4b5000 rw-p 0000e000 08:16 1366292                    /usr/lib/jvm/java-9-openjdk-amd64/lib/amd64/libverify.so
7f4d8e4b5000-7f4d8e4bc000 r-xp 00000000 08:16 524313                     /lib/x86_64-linux-gnu/librt-2.23.so
7f4d8e4bc000-7f4d8e6bb000 ---p 00007000 08:16 524313                     /lib/x86_64-linux-gnu/librt-2.23.so
7f4d8e6bb000-7f4d8e6bc000 r--p 00006000 08:16 524313                     /lib/x86_64-linux-gnu/librt-2.23.so
7f4d8e6bc000-7f4d8e6bd000 rw-p 00007000 08:16 524313                     /lib/x86_64-linux-gnu/librt-2.23.so
7f4d8e6bd000-7f4d8e6c2000 r-xp 00000000 08:16 141503                     /usr/lib/x86_64-linux-gnu/libXfixes.so.3.1.0
7f4d8e6c2000-7f4d8e8c1000 ---p 00005000 08:16 141503                     /usr/lib/x86_64-linux-gnu/libXfixes.so.3.1.0
7f4d8e8c1000-7f4d8e8c2000 r--p 00004000 08:16 141503                     /usr/lib/x86_64-linux-gnu/libXfixes.so.3.1.0
7f4d8e8c2000-7f4d8e8c3000 rw-p 00005000 08:16 141503                     /usr/lib/x86_64-linux-gnu/libXfixes.so.3.1.0
7f4d8e8c3000-7f4d8e8cc000 r-xp 00000000 08:16 141523                     /usr/lib/x86_64-linux-gnu/libXrender.so.1.3.0
7f4d8e8cc000-7f4d8eacb000 ---p 00009000 08:16 141523                     /usr/lib/x86_64-linux-gnu/libXrender.so.1.3.0
7f4d8eacb000-7f4d8eacc000 r--p 00008000 08:16 141523                     /usr/lib/x86_64-linux-gnu/libXrender.so.1.3.0
7f4d8eacc000-7f4d8eacd000 rw-p 00009000 08:16 141523                     /usr/lib/x86_64-linux-gnu/libXrender.so.1.3.0
7f4d8eacd000-7f4d8ead6000 r-xp 00000000 08:16 145622                     /usr/lib/x86_64-linux-gnu/libXcursor.so.1.0.2
7f4d8ead6000-7f4d8ecd5000 ---p 00009000 08:16 145622                     /usr/lib/x86_64-linux-gnu/libXcursor.so.1.0.2
7f4d8ecd5000-7f4d8ecd6000 r--p 00008000 08:16 145622                     /usr/lib/x86_64-linux-gnu/libXcursor.so.1.0.2
7f4d8ecd6000-7f4d8ecd7000 rw-p 00009000 08:16 145622                     /usr/lib/x86_64-linux-gnu/libXcursor.so.1.0.2
7f4d8ecd7000-7f4d8f696000 r--p 00000000 08:16 140015                     /usr/lib/locale/locale-archive
7f4d8f696000-7f4d8f697000 ---p 00000000 00:00 0 
7f4d8f697000-7f4d8fe97000 rw-p 00000000 00:00 0 
7f4d8fe97000-7f4d8fe9c000 r-xp 00000000 08:16 141499                     /usr/lib/x86_64-linux-gnu/libXdmcp.so.6.0.0
7f4d8fe9c000-7f4d9009b000 ---p 00005000 08:16 141499                     /usr/lib/x86_64-linux-gnu/libXdmcp.so.6.0.0
7f4d9009b000-7f4d9009c000 r--p 00004000 08:16 141499                     /usr/lib/x86_64-linux-gnu/libXdmcp.so.6.0.0
7f4d9009c000-7f4d9009d000 rw-p 00005000 08:16 141499                     /usr/lib/x86_64-linux-gnu/libXdmcp.so.6.0.0
7f4d9009d000-7f4d9009f000 r-xp 00000000 08:16 141488                     /usr/lib/x86_64-linux-gnu/libXau.so.6.0.0
7f4d9009f000-7f4d9029f000 ---p 00002000 08:16 141488                     /usr/lib/x86_64-linux-gnu/libXau.so.6.0.0
7f4d9029f000-7f4d902a0000 r--p 00002000 08:16 141488                     /usr/lib/x86_64-linux-gnu/libXau.so.6.0.0
7f4d902a0000-7f4d902a1000 rw-p 00003000 08:16 141488                     /usr/lib/x86_64-linux-gnu/libXau.so.6.0.0
7f4d902a1000-7f4d902c2000 r-xp 00000000 08:16 142908                     /usr/lib/x86_64-linux-gnu/libxcb.so.1.1.0
7f4d902c2000-7f4d904c1000 ---p 00021000 08:16 142908                     /usr/lib/x86_64-linux-gnu/libxcb.so.1.1.0
7f4d904c1000-7f4d904c2000 r--p 00020000 08:16 142908                     /usr/lib/x86_64-linux-gnu/libxcb.so.1.1.0
7f4d904c2000-7f4d904c3000 rw-p 00021000 08:16 142908                     /usr/lib/x86_64-linux-gnu/libxcb.so.1.1.0
7f4d904c3000-7f4d904e7000 r-xp 00000000 08:16 531019                     /lib/x86_64-linux-gnu/libpng12.so.0.54.0
7f4d904e7000-7f4d906e6000 ---p 00024000 08:16 531019                     /lib/x86_64-linux-gnu/libpng12.so.0.54.0
7f4d906e6000-7f4d906e7000 r--p 00023000 08:16 531019                     /lib/x86_64-linux-gnu/libpng12.so.0.54.0
7f4d906e7000-7f4d906e8000 rw-p 00024000 08:16 531019                     /lib/x86_64-linux-gnu/libpng12.so.0.54.0
7f4d906e8000-7f4d9073f000 r-xp 00000000 08:16 133327                     /usr/lib/x86_64-linux-gnu/libjpeg.so.8.0.2
7f4d9073f000-7f4d9093f000 ---p 00057000 08:16 133327                     /usr/lib/x86_64-linux-gnu/libjpeg.so.8.0.2
7f4d9093f000-7f4d90940000 r--p 00057000 08:16 133327                     /usr/lib/x86_64-linux-gnu/libjpeg.so.8.0.2
7f4d90940000-7f4d90941000 rw-p 00058000 08:16 133327                     /usr/lib/x86_64-linux-gnu/libjpeg.so.8.0.2
7f4d90941000-7f4d90949000 r-xp 00000000 08:16 136063                     /usr/lib/x86_64-linux-gnu/libgif.so.7.0.0
7f4d90949000-7f4d90b48000 ---p 00008000 08:16 136063                     /usr/lib/x86_64-linux-gnu/libgif.so.7.0.0
7f4d90b48000-7f4d90b49000 r--p 00007000 08:16 136063                     /usr/lib/x86_64-linux-gnu/libgif.so.7.0.0
7f4d90b49000-7f4d90b4a000 rw-p 00008000 08:16 136063                     /usr/lib/x86_64-linux-gnu/libgif.so.7.0.0
7f4d90b4a000-7f4d90b5b000 r-xp 00000000 08:16 141501                     /usr/lib/x86_64-linux-gnu/libXext.so.6.4.0
7f4d90b5b000-7f4d90d5a000 ---p 00011000 08:16 141501                     /usr/lib/x86_64-linux-gnu/libXext.so.6.4.0
7f4d90d5a000-7f4d90d5b000 r--p 00010000 08:16 141501                     /usr/lib/x86_64-linux-gnu/libXext.so.6.4.0
7f4d90d5b000-7f4d90d5c000 rw-p 00011000 08:16 141501                     /usr/lib/x86_64-linux-gnu/libXext.so.6.4.0
7f4d90d5c000-7f4d90e91000 r-xp 00000000 08:16 133273                     /usr/lib/x86_64-linux-gnu/libX11.so.6.3.0
7f4d90e91000-7f4d91091000 ---p 00135000 08:16 133273                     /usr/lib/x86_64-linux-gnu/libX11.so.6.3.0
7f4d91091000-7f4d91092000 r--p 00135000 08:16 133273                     /usr/lib/x86_64-linux-gnu/libX11.so.6.3.0
7f4d91092000-7f4d91096000 rw-p 00136000 08:16 133273                     /usr/lib/x86_64-linux-gnu/libX11.so.6.3.0
7f4d91096000-7f4d910a0000 r-xp 00000000 08:16 1366685                    /usr/lib/jvm/java-9-openjdk-amd64/lib/amd64/libsplashscreen.so
7f4d910a0000-7f4d9129f000 ---p 0000a000 08:16 1366685                    /usr/lib/jvm/java-9-openjdk-amd64/lib/amd64/libsplashscreen.so
7f4d9129f000-7f4d912a0000 r--p 00009000 08:16 1366685                    /usr/lib/jvm/java-9-openjdk-amd64/lib/amd64/libsplashscreen.so
7f4d912a0000-7f4d912a1000 rw-p 0000a000 08:16 1366685                    /usr/lib/jvm/java-9-openjdk-amd64/lib/amd64/libsplashscreen.so
7f4d912a1000-7f4d912a4000 rw-p 00000000 00:00 0 
7f4d912a4000-7f4d912ba000 r-xp 00000000 08:16 529587                     /lib/x86_64-linux-gnu/libgcc_s.so.1
7f4d912ba000-7f4d914b9000 ---p 00016000 08:16 529587                     /lib/x86_64-linux-gnu/libgcc_s.so.1
7f4d914b9000-7f4d914ba000 rw-p 00015000 08:16 529587                     /lib/x86_64-linux-gnu/libgcc_s.so.1
7f4d914ba000-7f4d915c2000 r-xp 00000000 08:16 529274                     /lib/x86_64-linux-gnu/libm-2.23.so
7f4d915c2000-7f4d917c1000 ---p 00108000 08:16 529274                     /lib/x86_64-linux-gnu/libm-2.23.so
7f4d917c1000-7f4d917c2000 r--p 00107000 08:16 529274                     /lib/x86_64-linux-gnu/libm-2.23.so
7f4d917c2000-7f4d917c3000 rw-p 00108000 08:16 529274                     /lib/x86_64-linux-gnu/libm-2.23.so
7f4d917c3000-7f4d91935000 r-xp 00000000 08:16 133255                     /usr/lib/x86_64-linux-gnu/libstdc++.so.6.0.21
7f4d91935000-7f4d91b35000 ---p 00172000 08:16 133255                     /usr/lib/x86_64-linux-gnu/libstdc++.so.6.0.21
7f4d91b35000-7f4d91b3f000 r--p 00172000 08:16 133255                     /usr/lib/x86_64-linux-gnu/libstdc++.so.6.0.21
7f4d91b3f000-7f4d91b41000 rw-p 0017c000 08:16 133255                     /usr/lib/x86_64-linux-gnu/libstdc++.so.6.0.21
7f4d91b41000-7f4d91b45000 rw-p 00000000 00:00 0 
7f4d91b45000-7f4d929a3000 r-xp 00000000 08:16 1366481                    /usr/lib/jvm/java-9-openjdk-amd64/lib/amd64/server/libjvm.so
7f4d929a3000-7f4d92ba3000 ---p 00e5e000 08:16 1366481                    /usr/lib/jvm/java-9-openjdk-amd64/lib/amd64/server/libjvm.so
7f4d92ba3000-7f4d92c55000 r--p 00e5e000 08:16 1366481                    /usr/lib/jvm/java-9-openjdk-amd64/lib/amd64/server/libjvm.so
7f4d92c55000-7f4d92c87000 rw-p 00f10000 08:16 1366481                    /usr/lib/jvm/java-9-openjdk-amd64/lib/amd64/server/libjvm.so
7f4d92c87000-7f4d92ccc000 rw-p 00000000 00:00 0 
7f4d92ccc000-7f4d92ce4000 r-xp 00000000 08:16 524374                     /lib/x86_64-linux-gnu/libpthread-2.23.so
7f4d92ce4000-7f4d92ee3000 ---p 00018000 08:16 524374                     /lib/x86_64-linux-gnu/libpthread-2.23.so
7f4d92ee3000-7f4d92ee4000 r--p 00017000 08:16 524374                     /lib/x86_64-linux-gnu/libpthread-2.23.so
7f4d92ee4000-7f4d92ee5000 rw-p 00018000 08:16 524374                     /lib/x86_64-linux-gnu/libpthread-2.23.so
7f4d92ee5000-7f4d92ee9000 rw-p 00000000 00:00 0 
7f4d92ee9000-7f4d92eec000 r-xp 00000000 08:16 524372                     /lib/x86_64-linux-gnu/libdl-2.23.so
7f4d92eec000-7f4d930eb000 ---p 00003000 08:16 524372                     /lib/x86_64-linux-gnu/libdl-2.23.so
7f4d930eb000-7f4d930ec000 r--p 00002000 08:16 524372                     /lib/x86_64-linux-gnu/libdl-2.23.so
7f4d930ec000-7f4d930ed000 rw-p 00003000 08:16 524372                     /lib/x86_64-linux-gnu/libdl-2.23.so
7f4d930ed000-7f4d93106000 r-xp 00000000 08:16 529740                     /lib/x86_64-linux-gnu/libz.so.1.2.8
7f4d93106000-7f4d93305000 ---p 00019000 08:16 529740                     /lib/x86_64-linux-gnu/libz.so.1.2.8
7f4d93305000-7f4d93306000 r--p 00018000 08:16 529740                     /lib/x86_64-linux-gnu/libz.so.1.2.8
7f4d93306000-7f4d93307000 rw-p 00019000 08:16 529740                     /lib/x86_64-linux-gnu/libz.so.1.2.8
7f4d93307000-7f4d934c7000 r-xp 00000000 08:16 529124                     /lib/x86_64-linux-gnu/libc-2.23.so
7f4d934c7000-7f4d936c7000 ---p 001c0000 08:16 529124                     /lib/x86_64-linux-gnu/libc-2.23.so
7f4d936c7000-7f4d936cb000 r--p 001c0000 08:16 529124                     /lib/x86_64-linux-gnu/libc-2.23.so
7f4d936cb000-7f4d936cd000 rw-p 001c4000 08:16 529124                     /lib/x86_64-linux-gnu/libc-2.23.so
7f4d936cd000-7f4d936d1000 rw-p 00000000 00:00 0 
7f4d936d1000-7f4d936df000 r-xp 00000000 08:16 1366498                    /usr/lib/jvm/java-9-openjdk-amd64/lib/amd64/jli/libjli.so
7f4d936df000-7f4d938de000 ---p 0000e000 08:16 1366498                    /usr/lib/jvm/java-9-openjdk-amd64/lib/amd64/jli/libjli.so
7f4d938de000-7f4d938df000 r--p 0000d000 08:16 1366498                    /usr/lib/jvm/java-9-openjdk-amd64/lib/amd64/jli/libjli.so
7f4d938df000-7f4d938e0000 rw-p 0000e000 08:16 1366498                    /usr/lib/jvm/java-9-openjdk-amd64/lib/amd64/jli/libjli.so
7f4d938e0000-7f4d93906000 r-xp 00000000 08:16 524373                     /lib/x86_64-linux-gnu/ld-2.23.so
7f4d93906000-7f4d93907000 r--s 00000000 08:16 1967117                    /var/cache/fontconfig/56cf4f4769d0f4abc89a4895d7bd3ae1-le64.cache-6
7f4d93907000-7f4d93908000 r--s 00000000 08:16 1967132                    /var/cache/fontconfig/b9d506c9ac06c20b433354fa67a72993-le64.cache-6
7f4d93908000-7f4d9391b000 r--s 00000000 08:16 1967137                    /var/cache/fontconfig/d52a8644073d54c13679302ca1180695-le64.cache-6
7f4d9391b000-7f4d9391c000 r--s 00000000 08:16 1967116                    /var/cache/fontconfig/551ecf3b0e8b0bca0f25c0944f561853-le64.cache-6
7f4d9391c000-7f4d93927000 r--s 00000000 08:16 1990113                    /var/cache/fontconfig/d589a48862398ed80a3d6066f4f56f4c-le64.cache-6
7f4d93927000-7f4d93928000 r--s 00000000 08:16 1967111                    /var/cache/fontconfig/30829fa25452a46451e813d634d7f916-le64.cache-6
7f4d93928000-7f4d9392b000 r--s 00000000 08:16 1967122                    /var/cache/fontconfig/75114ca45c98e8a441da0ff356701271-le64.cache-6
7f4d9392b000-7f4d9392f000 ---p 00000000 00:00 0 
7f4d9392f000-7f4d93a73000 rw-p 00000000 00:00 0 
7f4d93a73000-7f4d93a74000 r--s 00000000 08:16 1967105                    /var/cache/fontconfig/0c9eb80ebd1c36541ebe2852d3bb0c49-le64.cache-6
7f4d93a74000-7f4d93aba000 r--p 00000000 08:16 524572                     /usr/share/glib-2.0/schemas/gschemas.compiled
7f4d93aba000-7f4d93abe000 rw-p 00000000 00:00 0 
7f4d93abe000-7f4d93ac9000 r--s 00000000 08:16 1967125                    /var/cache/fontconfig/83bf95040141907cd45bb53cf7c1c148-le64.cache-6
7f4d93ac9000-7f4d93adb000 r--s 00000000 08:16 1967129                    /var/cache/fontconfig/9b89f8e3dae116d678bbf48e5f21f69b-le64.cache-6
7f4d93adb000-7f4d93ade000 r--s 00000000 08:16 1967141                    /var/cache/fontconfig/e13b20fdb08344e0e664864cc2ede53d-le64.cache-6
7f4d93ade000-7f4d93ae2000 r--s 00000000 08:16 1972189                    /var/cache/fontconfig/7ef2298fde41cc6eeb7af42e48b7d293-le64.cache-6
7f4d93ae2000-7f4d93ae6000 r--p 00000000 08:16 266373                     /home/marcelo/.config/dconf/user
7f4d93ae6000-7f4d93ae7000 r--s 00000000 00:31 28                         /run/user/1000/dconf/user
7f4d93ae7000-7f4d93aec000 rw-p 00000000 00:00 0 
7f4d93aec000-7f4d93af3000 ---p 00000000 00:00 0 
7f4d93af3000-7f4d93afb000 rw-s 00000000 08:16 1989123                    /tmp/hsperfdata_marcelo/9772
7f4d93afb000-7f4d93afc000 rw-p 00000000 00:00 0 
7f4d93afc000-7f4d93afd000 ---p 00000000 00:00 0 
7f4d93afd000-7f4d93b04000 r--s 00000000 08:16 412736                     /usr/lib/x86_64-linux-gnu/gconv/gconv-modules.cache
7f4d93b04000-7f4d93b05000 rw-p 00000000 00:00 0 
7f4d93b05000-7f4d93b06000 r--p 00025000 08:16 524373                     /lib/x86_64-linux-gnu/ld-2.23.so
7f4d93b06000-7f4d93b07000 rw-p 00026000 08:16 524373                     /lib/x86_64-linux-gnu/ld-2.23.so
7f4d93b07000-7f4d93b08000 rw-p 00000000 00:00 0 
7ffd01217000-7ffd01239000 rw-p 00000000 00:00 0                          [stack]
7ffd013fa000-7ffd013fd000 r--p 00000000 00:00 0                          [vvar]
7ffd013fd000-7ffd013ff000 r-xp 00000000 00:00 0                          [vdso]
ffffffffff600000-ffffffffff601000 r-xp 00000000 00:00 0                  [vsyscall]

VM Arguments:
jvm_args: -Xms16m -Xmx384m -Djava.library.path=/usr/lib/astah_uml/lib/rlm 
java_command: /usr/lib/astah_uml/astah-uml.jar   
java_class_path (initial): /usr/lib/astah_uml/astah-uml.jar
Launcher Type: SUN_STANDARD

Environment Variables:
JAVA_HOME=/usr/lib/jvm/java-8-openjdk
PATH=/home/marcelo/mentor/questasim/bin:/opt/ros/kinetic/bin:/home/marcelo/mentor/questasim/bin:/home/marcelo/mentor/questasim/bin:/home/marcelo/bin:/home/marcelo/.local/bin:/usr/local/sbin:/usr/local/bin:/usr/sbin:/usr/bin:/sbin:/bin:/usr/games:/usr/local/games:/snap/bin:/usr/lib/jvm/java-9-openjdk/bin:/usr/lib/jvm/java-8-openjdk/bin
LD_LIBRARY_PATH=/opt/ros/kinetic/lib:/opt/ros/kinetic/lib/x86_64-linux-gnu
SHELL=/bin/bash
DISPLAY=:0

Signal Handlers:
SIGSEGV: [libjvm.so+0xc12c20], sa_mask[0]=11111111011111111101111111111110, sa_flags=SA_RESTART|SA_SIGINFO
SIGBUS: [libjvm.so+0xc12c20], sa_mask[0]=11111111011111111101111111111110, sa_flags=SA_RESTART|SA_SIGINFO
SIGFPE: [libjvm.so+0xc12c20], sa_mask[0]=11111111011111111101111111111110, sa_flags=SA_RESTART|SA_SIGINFO
SIGPIPE: SIG_IGN, sa_mask[0]=00000000000010000000000000000000, sa_flags=SA_RESTART
SIGXFSZ: [libjvm.so+0xa3b600], sa_mask[0]=11111111011111111101111111111110, sa_flags=SA_RESTART|SA_SIGINFO
SIGILL: [libjvm.so+0xc12c20], sa_mask[0]=11111111011111111101111111111110, sa_flags=SA_RESTART|SA_SIGINFO
SIGUSR2: [libjvm.so+0xa3b4a0], sa_mask[0]=00000000000000000000000000000000, sa_flags=SA_RESTART|SA_SIGINFO
SIGHUP: [libjvm.so+0xa3b870], sa_mask[0]=11111111011111111101111111111110, sa_flags=SA_RESTART|SA_SIGINFO
SIGINT: [libjvm.so+0xa3b870], sa_mask[0]=11111111011111111101111111111110, sa_flags=SA_RESTART|SA_SIGINFO
SIGTERM: [libjvm.so+0xa3b870], sa_mask[0]=11111111011111111101111111111110, sa_flags=SA_RESTART|SA_SIGINFO
SIGQUIT: [libjvm.so+0xa3b870], sa_mask[0]=11111111011111111101111111111110, sa_flags=SA_RESTART|SA_SIGINFO


---------------  S Y S T E M  ---------------

OS:DISTRIB_ID=Ubuntu
DISTRIB_RELEASE=16.04
DISTRIB_CODENAME=xenial
DISTRIB_DESCRIPTION="Ubuntu 16.04.4 LTS"
uname:Linux 4.15.0-47-generic #50~16.04.1-Ubuntu SMP Fri Mar 15 16:06:21 UTC 2019 x86_64
libc:glibc 2.23 NPTL 2.23 
rlimit: STACK 8192k, CORE 0k, NPROC 62052, NOFILE 1048576, AS infinity
load average:0,69 0,50 0,26

/proc/meminfo:
MemTotal:       16321748 kB
MemFree:        11993992 kB
MemAvailable:   13809168 kB
Buffers:          124380 kB
Cached:          2506292 kB
SwapCached:            0 kB
Active:          2187132 kB
Inactive:        1863480 kB
Active(anon):    1421180 kB
Inactive(anon):   609932 kB
Active(file):     765952 kB
Inactive(file):  1253548 kB
Unevictable:          32 kB
Mlocked:              32 kB
SwapTotal:       1000444 kB
SwapFree:        1000444 kB
Dirty:               364 kB
Writeback:             0 kB
AnonPages:       1420012 kB
Mapped:           477072 kB
Shmem:            611184 kB
Slab:             151500 kB
SReclaimable:     107168 kB
SUnreclaim:        44332 kB
KernelStack:       10192 kB
PageTables:        38480 kB
NFS_Unstable:          0 kB
Bounce:                0 kB
WritebackTmp:          0 kB
CommitLimit:     9161316 kB
Committed_AS:    5843664 kB
VmallocTotal:   34359738367 kB
VmallocUsed:           0 kB
VmallocChunk:          0 kB
HardwareCorrupted:     0 kB
AnonHugePages:         0 kB
ShmemHugePages:        0 kB
ShmemPmdMapped:        0 kB
CmaTotal:              0 kB
CmaFree:               0 kB
HugePages_Total:       0
HugePages_Free:        0
HugePages_Rsvd:        0
HugePages_Surp:        0
Hugepagesize:       2048 kB
DirectMap4k:      177004 kB
DirectMap2M:     4962304 kB
DirectMap1G:    11534336 kB


CPU:total 4 (2 cores per cpu, 2 threads per core) family 6 model 142 stepping 9, cmov, cx8, fxsr, mmx, sse, sse2, sse3, ssse3, sse4.1, sse4.2, popcnt, avx, avx2, aes, clmul, erms, 3dnowpref, lzcnt, ht, tsc, tscinvbit, bmi1, bmi2, adx

CPU Model and flags from /proc/cpuinfo:
model name	: Intel(R) Core(TM) i7-7500U CPU @ 2.70GHz
flags		: fpu vme de pse tsc msr pae mce cx8 apic sep mtrr pge mca cmov pat pse36 clflush dts acpi mmx fxsr sse sse2 ss ht tm pbe syscall nx pdpe1gb rdtscp lm constant_tsc art arch_perfmon pebs bts rep_good nopl xtopology nonstop_tsc cpuid aperfmperf tsc_known_freq pni pclmulqdq dtes64 monitor ds_cpl vmx est tm2 ssse3 sdbg fma cx16 xtpr pdcm pcid sse4_1 sse4_2 x2apic movbe popcnt tsc_deadline_timer aes xsave avx f16c rdrand lahf_lm abm 3dnowprefetch cpuid_fault epb invpcid_single pti ssbd ibrs ibpb stibp tpr_shadow vnmi flexpriority ept vpid fsgsbase tsc_adjust bmi1 avx2 smep bmi2 erms invpcid mpx rdseed adx smap clflushopt intel_pt xsaveopt xsavec xgetbv1 xsaves dtherm ida arat pln pts hwp hwp_notify hwp_act_window hwp_epp flush_l1d

Memory: 4k page, physical 16321748k(11993992k free), swap 1000444k(1000444k free)

vm_info: OpenJDK 64-Bit Server VM (9-internal+0-2016-04-14-195246.buildd.src) for linux-amd64 JRE (9-internal+0-2016-04-14-195246.buildd.src), built on Apr 14 2016 20:05:37 by "buildd" with gcc 5.3.1 20160413

END.
